2025-07-21 09:56:37 - libs.auxiliary - INFO: create folder eye_hand_data/data20250721
2025-07-21 09:56:37 - __main__ - INFO: 开始手眼标定程序，当前程序版号V1.0.0
2025-07-21 09:59:25 - __main__ - INFO: {'当前位姿为[-0.5831647338867187, 0.201944107055664, 0.5826224975585937, -1.581790787881125, -1.0207254636451009, 2.505920069837688]'}
2025-07-21 09:59:25 - __main__ - INFO: ===采集第1次数据！
2025-07-21 10:00:12 - __main__ - INFO: {'当前位姿为[-0.7574918212890625, 0.02654897308349609, 0.415871337890625, -1.8875657563382615, -1.1308434462943513, 2.46784139362341]'}
2025-07-21 10:00:12 - __main__ - INFO: ===采集第2次数据！
2025-07-21 10:00:34 - __main__ - INFO: {'当前位姿为[-0.6999229125976563, -0.014320441246032701, 0.4321983947753906, 2.047197762606483, -0.8108958668851122, -2.7080827587144753]'}
2025-07-21 10:00:34 - __main__ - INFO: ===采集第3次数据！
2025-07-21 10:00:50 - __main__ - INFO: {'当前位姿为[-0.670407470703125, 0.042125003814697255, 0.4959803161621093, -2.0764938661778998, -0.9415203896650542, 2.2941260588786303]'}
2025-07-21 10:00:50 - __main__ - INFO: ===采集第4次数据！
2025-07-21 10:01:06 - __main__ - INFO: {'当前位姿为[-0.6504693603515626, -0.1161109161376953, 0.3808320922851562, 2.536506741273359, -0.45408411258720993, -3.132295824540432]'}
2025-07-21 10:01:06 - __main__ - INFO: ===采集第5次数据！
2025-07-21 10:01:32 - __main__ - INFO: {'当前位姿为[-0.6762681884765624, 0.2185795440673828, 0.4737679443359375, -1.7640984124088808, -0.9576809837918732, 2.5611300623961224]'}
2025-07-21 10:01:32 - __main__ - INFO: ===采集第6次数据！
2025-07-21 10:01:53 - __main__ - INFO: {'当前位姿为[-0.6710421142578125, 0.2030741577148437, 0.4776783447265625, 0.7164951286202096, -1.146291112197356, 0.6563508977731053]'}
2025-07-21 10:01:53 - __main__ - INFO: ===采集第7次数据！
2025-07-21 10:02:27 - __main__ - INFO: {'当前位姿为[-0.6338143920898438, 0.204801803588867, 0.563930908203125, 1.6737454792638171, -0.9652335089062563, -0.7586558315743357]'}
2025-07-21 10:02:27 - __main__ - INFO: ===采集第8次数据！
2025-07-21 10:03:16 - __main__ - INFO: {'当前位姿为[-0.7006714477539062, 0.03622730255126953, 0.4203129272460937, 0.4613581709201114, -1.28978236488888, -0.4543679056908714]'}
2025-07-21 10:03:16 - __main__ - INFO: ===采集第9次数据！
2025-07-21 10:03:54 - __main__ - INFO: {'当前位姿为[-0.6539968872070312, 0.02562828254699707, 0.48441787719726564, -0.7185692650561906, -1.1617784592006029, -0.005204121056975319]'}
2025-07-21 10:03:54 - __main__ - INFO: ===采集第10次数据！
2025-07-21 10:04:16 - __main__ - INFO: {'当前位姿为[-0.7729591064453125, -0.018832046508789058, 0.3179541015625, -2.8874029822894345, -1.2402680749537998, 2.867508369998217]'}
2025-07-21 10:04:16 - __main__ - INFO: ===采集第11次数据！
2025-07-21 10:05:36 - __main__ - INFO: {'当前位姿为[-0.6167808837890625, 0.1498394775390625, 0.6151110229492187, -1.5900335377710295, -0.7113822588014209, 2.370062635252823]'}
2025-07-21 10:05:36 - __main__ - INFO: ===采集第12次数据！
2025-07-21 10:06:08 - __main__ - INFO: {'当前位姿为[-0.7050625610351563, -0.08061619567871092, 0.4337915954589843, 2.4463763152373676, -1.3516077827531239, -1.4454185642575468]'}
2025-07-21 10:06:08 - __main__ - INFO: ===采集第13次数据！
2025-07-21 10:06:27 - __main__ - INFO: {'当前位姿为[-0.7544713134765625, -0.03309648132324218, 0.31085537719726564, -2.1149471159995, -1.0941757794046225, -3.0938014288799907]'}
2025-07-21 10:06:27 - __main__ - INFO: ===采集第14次数据！
2025-07-21 10:06:43 - __main__ - INFO: {'当前位姿为[-0.6375659790039062, 0.1606751861572265, 0.4965455322265625, 1.8471084777963784, -0.9374627974282097, -1.0190963414272725]'}
2025-07-21 10:06:43 - __main__ - INFO: ===采集第15次数据！
2025-07-21 10:07:55 - __main__ - INFO: {'当前位姿为[-0.6584732666015625, 0.3131329345703125, 0.449266143798828, 2.4752604277881525, -0.9792947331457657, -1.889132227691444]'}
2025-07-21 10:07:55 - __main__ - INFO: ===采集第16次数据！
2025-07-21 10:08:10 - __main__ - INFO: {'当前位姿为[-0.8922681274414063, -0.0710911636352539, 0.2706612243652343, 2.91910738243461, -1.1058472160399495, -1.822436021351503]'}
2025-07-21 10:08:10 - __main__ - INFO: ===采集第17次数据！
2025-07-21 10:08:35 - __main__ - INFO: {'当前位姿为[-0.9214473876953125, -0.08900299835205078, 0.232390869140625, 2.5741712959381307, -1.5002944632572288, -1.1572565448277028]'}
2025-07-21 10:08:35 - __main__ - INFO: ===采集第18次数据！
2025-07-21 10:08:47 - __main__ - INFO: {'当前位姿为[-0.90084814453125, -0.0025519609451293943, 0.2867814331054687, 0.04350466719823466, -0.8041213842831959, 1.6801017789955635]'}
2025-07-21 10:08:47 - __main__ - INFO: ===采集第19次数据！
2025-07-21 10:09:05 - __main__ - INFO: {'当前位姿为[-0.8252636108398438, 0.042196430206298825, 0.4859217224121093, -0.1532598440832322, -1.4390947550910989, 1.4882405966893668]'}
2025-07-21 10:09:05 - __main__ - INFO: ===采集第20次数据！
2025-07-21 10:09:15 - __main__ - INFO: {'当前位姿为[-0.6599240112304687, 0.10824485015869141, 0.670199462890625, 3.102080664076829, -0.7792045828083055, -2.293426446460266]'}
2025-07-21 10:09:15 - __main__ - INFO: ===采集第21次数据！
2025-07-21 10:15:18 - __main__ - INFO: 读 ./hand_eye_calibration/eye_hand_data/data20250721/1.jpg
2025-07-21 10:15:18 - __main__ - INFO: 读 ./hand_eye_calibration/eye_hand_data/data20250721/2.jpg
2025-07-21 10:15:18 - __main__ - INFO: 读 ./hand_eye_calibration/eye_hand_data/data20250721/3.jpg
2025-07-21 10:15:18 - __main__ - INFO: 读 ./hand_eye_calibration/eye_hand_data/data20250721/4.jpg
2025-07-21 10:15:18 - __main__ - INFO: 读 ./hand_eye_calibration/eye_hand_data/data20250721/5.jpg
2025-07-21 10:15:18 - __main__ - INFO: 读 ./hand_eye_calibration/eye_hand_data/data20250721/6.jpg
2025-07-21 10:15:18 - __main__ - INFO: 读 ./hand_eye_calibration/eye_hand_data/data20250721/7.jpg
2025-07-21 10:15:18 - __main__ - INFO: 读 ./hand_eye_calibration/eye_hand_data/data20250721/8.jpg
2025-07-21 10:15:18 - __main__ - INFO: 读 ./hand_eye_calibration/eye_hand_data/data20250721/9.jpg
2025-07-21 10:15:18 - __main__ - INFO: 读 ./hand_eye_calibration/eye_hand_data/data20250721/10.jpg
2025-07-21 10:15:18 - __main__ - INFO: 读 ./hand_eye_calibration/eye_hand_data/data20250721/11.jpg
2025-07-21 10:15:18 - __main__ - INFO: 读 ./hand_eye_calibration/eye_hand_data/data20250721/12.jpg
2025-07-21 10:15:18 - __main__ - INFO: 读 ./hand_eye_calibration/eye_hand_data/data20250721/13.jpg
2025-07-21 10:15:18 - __main__ - INFO: 读 ./hand_eye_calibration/eye_hand_data/data20250721/14.jpg
2025-07-21 10:15:18 - __main__ - INFO: 读 ./hand_eye_calibration/eye_hand_data/data20250721/15.jpg
2025-07-21 10:15:18 - __main__ - INFO: 读 ./hand_eye_calibration/eye_hand_data/data20250721/16.jpg
2025-07-21 10:15:18 - __main__ - INFO: 读 ./hand_eye_calibration/eye_hand_data/data20250721/17.jpg
2025-07-21 10:15:18 - __main__ - INFO: 读 ./hand_eye_calibration/eye_hand_data/data20250721/18.jpg
2025-07-21 10:15:18 - __main__ - INFO: 读 ./hand_eye_calibration/eye_hand_data/data20250721/19.jpg
2025-07-21 10:15:18 - __main__ - INFO: 读 ./hand_eye_calibration/eye_hand_data/data20250721/20.jpg
2025-07-21 10:15:18 - __main__ - INFO: 读 ./hand_eye_calibration/eye_hand_data/data20250721/21.jpg
2025-07-21 10:15:40 - __main__ - INFO: 读 ./hand_eye_calibration/eye_hand_data/data20250721/1.jpg
2025-07-21 10:15:40 - __main__ - INFO: 读 ./hand_eye_calibration/eye_hand_data/data20250721/2.jpg
2025-07-21 10:15:40 - __main__ - INFO: 读 ./hand_eye_calibration/eye_hand_data/data20250721/3.jpg
2025-07-21 10:15:40 - __main__ - INFO: 读 ./hand_eye_calibration/eye_hand_data/data20250721/4.jpg
2025-07-21 10:15:40 - __main__ - INFO: 读 ./hand_eye_calibration/eye_hand_data/data20250721/5.jpg
2025-07-21 10:15:40 - __main__ - INFO: 读 ./hand_eye_calibration/eye_hand_data/data20250721/6.jpg
2025-07-21 10:15:40 - __main__ - INFO: 读 ./hand_eye_calibration/eye_hand_data/data20250721/7.jpg
2025-07-21 10:15:40 - __main__ - INFO: 读 ./hand_eye_calibration/eye_hand_data/data20250721/8.jpg
2025-07-21 10:15:40 - __main__ - INFO: 读 ./hand_eye_calibration/eye_hand_data/data20250721/9.jpg
2025-07-21 10:15:40 - __main__ - INFO: 读 ./hand_eye_calibration/eye_hand_data/data20250721/10.jpg
2025-07-21 10:15:40 - __main__ - INFO: 读 ./hand_eye_calibration/eye_hand_data/data20250721/11.jpg
2025-07-21 10:15:40 - __main__ - INFO: 读 ./hand_eye_calibration/eye_hand_data/data20250721/12.jpg
2025-07-21 10:15:40 - __main__ - INFO: 读 ./hand_eye_calibration/eye_hand_data/data20250721/13.jpg
2025-07-21 10:15:40 - __main__ - INFO: 读 ./hand_eye_calibration/eye_hand_data/data20250721/14.jpg
2025-07-21 10:15:40 - __main__ - INFO: 读 ./hand_eye_calibration/eye_hand_data/data20250721/15.jpg
2025-07-21 10:15:40 - __main__ - INFO: 读 ./hand_eye_calibration/eye_hand_data/data20250721/16.jpg
2025-07-21 10:15:40 - __main__ - INFO: 读 ./hand_eye_calibration/eye_hand_data/data20250721/17.jpg
2025-07-21 10:15:40 - __main__ - INFO: 读 ./hand_eye_calibration/eye_hand_data/data20250721/18.jpg
2025-07-21 10:15:40 - __main__ - INFO: 读 ./hand_eye_calibration/eye_hand_data/data20250721/19.jpg
2025-07-21 10:15:40 - __main__ - INFO: 读 ./hand_eye_calibration/eye_hand_data/data20250721/20.jpg
2025-07-21 10:15:40 - __main__ - INFO: 读 ./hand_eye_calibration/eye_hand_data/data20250721/21.jpg
2025-07-21 10:20:20 - __main__ - INFO: 读 ./hand_eye_calibration/eye_hand_data/data20250721/1.jpg
2025-07-21 10:20:20 - __main__ - INFO: 读 ./hand_eye_calibration/eye_hand_data/data20250721/2.jpg
2025-07-21 10:20:20 - __main__ - INFO: 读 ./hand_eye_calibration/eye_hand_data/data20250721/3.jpg
2025-07-21 10:20:20 - __main__ - INFO: 读 ./hand_eye_calibration/eye_hand_data/data20250721/4.jpg
2025-07-21 10:20:20 - __main__ - INFO: 读 ./hand_eye_calibration/eye_hand_data/data20250721/5.jpg
2025-07-21 10:20:20 - __main__ - INFO: 读 ./hand_eye_calibration/eye_hand_data/data20250721/6.jpg
2025-07-21 10:20:20 - __main__ - INFO: 读 ./hand_eye_calibration/eye_hand_data/data20250721/8.jpg
2025-07-21 10:20:20 - __main__ - INFO: 读 ./hand_eye_calibration/eye_hand_data/data20250721/9.jpg
2025-07-21 10:20:20 - __main__ - INFO: 读 ./hand_eye_calibration/eye_hand_data/data20250721/10.jpg
2025-07-21 10:20:20 - __main__ - INFO: 读 ./hand_eye_calibration/eye_hand_data/data20250721/11.jpg
2025-07-21 10:20:20 - __main__ - INFO: 读 ./hand_eye_calibration/eye_hand_data/data20250721/12.jpg
2025-07-21 10:20:20 - __main__ - INFO: 读 ./hand_eye_calibration/eye_hand_data/data20250721/13.jpg
2025-07-21 10:20:20 - __main__ - INFO: 读 ./hand_eye_calibration/eye_hand_data/data20250721/14.jpg
2025-07-21 10:20:20 - __main__ - INFO: 读 ./hand_eye_calibration/eye_hand_data/data20250721/15.jpg
2025-07-21 10:20:20 - __main__ - INFO: 读 ./hand_eye_calibration/eye_hand_data/data20250721/16.jpg
2025-07-21 10:20:20 - __main__ - INFO: 读 ./hand_eye_calibration/eye_hand_data/data20250721/17.jpg
2025-07-21 10:20:20 - __main__ - INFO: 读 ./hand_eye_calibration/eye_hand_data/data20250721/18.jpg
2025-07-21 10:20:20 - __main__ - INFO: 读 ./hand_eye_calibration/eye_hand_data/data20250721/19.jpg
2025-07-21 10:20:20 - __main__ - INFO: 读 ./hand_eye_calibration/eye_hand_data/data20250721/20.jpg
2025-07-21 10:20:21 - __main__ - INFO: 旋转矩阵是:
 [[ 0.9061757   0.14842673  0.39599887]
 [-0.34070778  0.81094457  0.47569645]
 [-0.25052707 -0.56598446  0.78542841]]
2025-07-21 10:20:21 - __main__ - INFO: 平移向量是:
 [[-0.95407136]
 [ 0.00593675]
 [ 0.59378409]]
2025-07-21 10:20:21 - __main__ - INFO: 四元数是：
 [-0.27829962  0.17272845 -0.13067912  0.93575487]
2025-07-21 10:20:21 - __main__ - INFO: 欧拉角是：
[-31.201286    23.32828587  -9.3021409 ]
2025-07-21 10:41:55 - libs.auxiliary - INFO: create folder eye_hand_data/data2025072101
2025-07-21 10:41:56 - __main__ - INFO: 开始手眼标定程序，当前程序版号V1.0.0
2025-07-21 10:42:13 - __main__ - INFO: {'当前位姿为[-0.6599383544921875, 0.108251495361328, 0.6701747436523438, 3.102131264137543, -0.7791884041046829, -2.2934608012383286]'}
2025-07-21 10:42:13 - __main__ - INFO: ===采集第1次数据！
2025-07-21 10:42:50 - __main__ - INFO: {'当前位姿为[-0.6788577880859376, 0.258600128173828, 0.409418701171875, 1.7346284044182818, -0.9980256106196471, -0.9239134327502136]'}
2025-07-21 10:42:50 - __main__ - INFO: ===采集第2次数据！
2025-07-21 10:43:04 - __main__ - INFO: {'当前位姿为[-0.6687103881835937, 0.01244532966613769, 0.4726615905761718, 2.1636826976318386, -0.6144760185829721, -2.5847278001830967]'}
2025-07-21 10:43:04 - __main__ - INFO: ===采集第3次数据！
2025-07-21 10:43:17 - __main__ - INFO: {'当前位姿为[-0.6369488525390625, -0.1464501037597656, 0.4080074462890625, 3.046711680801322, -1.1148630815943037, -2.130484530431239]'}
2025-07-21 10:43:17 - __main__ - INFO: ===采集第4次数据！
2025-07-21 10:43:49 - __main__ - INFO: {'当前位姿为[-0.6504779052734375, 0.03231482315063476, 0.5180133666992187, -1.789763295833974, -0.8183680311136019, 2.708284360008996]'}
2025-07-21 10:43:49 - __main__ - INFO: ===采集第5次数据！
2025-07-21 10:44:19 - __main__ - INFO: {'当前位姿为[-0.6853554077148437, 0.123615119934082, 0.4872587890625, 1.8663355687603658, -1.0967748248914584, -0.9347118851802124]'}
2025-07-21 10:44:19 - __main__ - INFO: ===采集第6次数据！
2025-07-21 10:44:45 - __main__ - INFO: {'当前位姿为[-0.6325130004882813, 0.11377698516845701, 0.36738815307617184, 0.8490880603408568, -1.073258712991895, 0.5774409020418395]'}
2025-07-21 10:44:45 - __main__ - INFO: ===采集第7次数据！
2025-07-21 10:45:09 - __main__ - INFO: {'当前位姿为[-0.7357463989257812, 0.1401190338134765, 0.4042792358398437, 2.319064698274459, -0.8624538666407192, -1.3499519623453673]'}
2025-07-21 10:45:09 - __main__ - INFO: ===采集第8次数据！
2025-07-21 10:45:47 - __main__ - INFO: {'当前位姿为[-0.8446617431640625, -0.07508050537109374, 0.2841547241210937, -0.6142036437824842, -1.0755558225901427, 2.2285465159837545]'}
2025-07-21 10:45:47 - __main__ - INFO: ===采集第9次数据！
2025-07-21 10:47:20 - __main__ - INFO: {'当前位姿为[-0.7289502563476562, 0.09056623077392578, 0.3801233825683593, 0.12227928279996202, -0.8654569802439469, 1.13537241804414]'}
2025-07-21 10:47:20 - __main__ - INFO: ===采集第10次数据！
2025-07-21 10:47:59 - __main__ - INFO: {'当前位姿为[-0.670725830078125, 0.2044784545898437, 0.42441860961914063, -0.6111919414847404, 1.0954173451048177, 2.88863416166138]'}
2025-07-21 10:47:59 - __main__ - INFO: ===采集第11次数据！
2025-07-21 10:48:19 - __main__ - INFO: {'当前位姿为[-0.708869873046875, 0.18478291320800783, 0.2207725830078125, 1.3923548132216086, 0.7611500816722767, -1.0079287082911614]'}
2025-07-21 10:48:19 - __main__ - INFO: ===采集第12次数据！
2025-07-21 10:48:39 - __main__ - INFO: {'当前位姿为[-0.7465935668945313, 0.3494981689453125, 0.3976979370117187, 0.07886440574235505, 1.2409330662779925, -2.356021651037598]'}
2025-07-21 10:48:39 - __main__ - INFO: ===采集第13次数据！
2025-07-21 10:49:56 - __main__ - INFO: {'当前位姿为[-0.8350404663085937, 0.1260772171020508, 0.37350607299804683, 2.2496454097199097, 0.9441820860165342, 0.2051485418671995]'}
2025-07-21 10:49:56 - __main__ - INFO: ===采集第14次数据！
2025-07-21 10:50:19 - __main__ - INFO: {'当前位姿为[-0.7070126953125, 0.2747288818359375, 0.6438311767578125, -2.9993958303461015, 0.9285898104663378, 0.16508128326695767]'}
2025-07-21 10:50:19 - __main__ - INFO: ===采集第15次数据！
2025-07-21 10:50:39 - __main__ - INFO: {'当前位姿为[-0.7384829711914063, 0.2247696685791015, 0.4729850769042968, -0.8610721520881587, 0.7117316655364393, 2.1066826613467122]'}
2025-07-21 10:50:39 - __main__ - INFO: ===采集第16次数据！
2025-07-21 10:51:14 - __main__ - INFO: {'当前位姿为[-0.8072202758789062, 0.211840591430664, 0.3778086547851562, -1.9259408423818674, 1.1605874935611196, 1.2515971622309965]'}
2025-07-21 10:51:14 - __main__ - INFO: ===采集第17次数据！
2025-07-21 10:51:21 - __main__ - INFO: {'当前位姿为[-0.7520322875976563, 0.390272003173828, 0.316916534423828, 2.528114588046301, 1.117817126454447, -0.8458230248444193]'}
2025-07-21 10:51:21 - __main__ - INFO: ===采集第18次数据！
2025-07-21 10:51:29 - __main__ - INFO: {'当前位姿为[-0.7132992553710937, 0.3939912109375, 0.3969983520507812, 0.6511072001657665, 1.4294593051091378, -3.0586690077796654]'}
2025-07-21 10:51:29 - __main__ - INFO: ===采集第19次数据！
2025-07-21 10:52:10 - __main__ - INFO: {'当前位姿为[-0.8380067749023438, 0.02831135177612304, 0.4335101318359375, 0.2948601691770157, 1.161121856833844, -3.0507692730381657]'}
2025-07-21 10:52:10 - __main__ - INFO: ===采集第20次数据！
2025-07-21 10:52:27 - __main__ - INFO: {'当前位姿为[-0.689683349609375, 0.07563681793212891, 0.4882130737304687, 1.341228645036758, 1.370550181796585, -3.071817833029717]'}
2025-07-21 10:52:27 - __main__ - INFO: ===采集第21次数据！
2025-07-21 10:52:34 - __main__ - INFO: {'当前位姿为[-0.6780536499023437, 0.2050543212890625, 0.4627373046875, 1.3733255951266112, 1.4296258858353224, -3.1000345574113246]'}
2025-07-21 10:52:34 - __main__ - INFO: ===采集第22次数据！
2025-07-21 10:52:42 - __main__ - INFO: {'当前位姿为[-0.700602294921875, 0.20645817565917968, 0.27534085083007803, 2.0856269108202175, 1.0318231888025975, -0.645875153888197]'}
2025-07-21 10:52:42 - __main__ - INFO: ===采集第23次数据！
2025-07-21 10:52:50 - __main__ - INFO: {'当前位姿为[-0.6685733032226563, -0.07664400482177734, 0.252658706665039, 2.6119612854902456, 0.9441597154633772, -0.24537309341932473]'}
2025-07-21 10:52:50 - __main__ - INFO: ===采集第24次数据！
2025-07-21 11:10:24 - __main__ - INFO: 读 eye_hand_data/data2025072101/1.jpg
2025-07-21 11:10:24 - __main__ - INFO: 读 eye_hand_data/data2025072101/2.jpg
2025-07-21 11:10:25 - __main__ - INFO: 读 eye_hand_data/data2025072101/3.jpg
2025-07-21 11:10:25 - __main__ - INFO: 读 eye_hand_data/data2025072101/4.jpg
2025-07-21 11:10:25 - __main__ - INFO: 读 eye_hand_data/data2025072101/5.jpg
2025-07-21 11:10:25 - __main__ - INFO: 读 eye_hand_data/data2025072101/6.jpg
2025-07-21 11:10:25 - __main__ - INFO: 读 eye_hand_data/data2025072101/7.jpg
2025-07-21 11:10:25 - __main__ - INFO: 读 eye_hand_data/data2025072101/8.jpg
2025-07-21 11:10:26 - __main__ - INFO: 读 eye_hand_data/data2025072101/9.jpg
2025-07-21 11:10:26 - __main__ - INFO: 读 eye_hand_data/data2025072101/10.jpg
2025-07-21 11:10:26 - __main__ - INFO: 读 eye_hand_data/data2025072101/11.jpg
2025-07-21 11:10:26 - __main__ - INFO: 读 eye_hand_data/data2025072101/12.jpg
2025-07-21 11:10:26 - __main__ - INFO: 读 eye_hand_data/data2025072101/13.jpg
2025-07-21 11:10:26 - __main__ - INFO: 读 eye_hand_data/data2025072101/14.jpg
2025-07-21 11:10:26 - __main__ - INFO: 读 eye_hand_data/data2025072101/15.jpg
2025-07-21 11:10:26 - __main__ - INFO: 读 eye_hand_data/data2025072101/16.jpg
2025-07-21 11:10:26 - __main__ - INFO: 读 eye_hand_data/data2025072101/17.jpg
2025-07-21 11:10:26 - __main__ - INFO: 读 eye_hand_data/data2025072101/18.jpg
2025-07-21 11:10:26 - __main__ - INFO: 读 eye_hand_data/data2025072101/19.jpg
2025-07-21 11:10:26 - __main__ - INFO: 读 eye_hand_data/data2025072101/20.jpg
2025-07-21 11:10:26 - __main__ - INFO: 读 eye_hand_data/data2025072101/21.jpg
2025-07-21 11:10:26 - __main__ - INFO: 读 eye_hand_data/data2025072101/22.jpg
2025-07-21 11:10:26 - __main__ - INFO: 读 eye_hand_data/data2025072101/23.jpg
2025-07-21 11:10:26 - __main__ - INFO: 读 eye_hand_data/data2025072101/24.jpg
2025-07-21 11:10:26 - __main__ - INFO: 旋转矩阵是:
 [[ 0.87546776  0.36903582 -0.31203968]
 [-0.27410053  0.91094212  0.30830725]
 [ 0.39802651 -0.18438281  0.89865337]]
2025-07-21 11:10:26 - __main__ - INFO: 平移向量是:
 [[-0.73780021]
 [-0.11295076]
 [ 0.39245569]]
2025-07-21 11:10:26 - __main__ - INFO: 四元数是：
 [-0.12832797 -0.18494661 -0.1675138   0.95982593]
2025-07-21 11:10:26 - __main__ - INFO: 欧拉角是：
[-18.93591247 -18.18219422 -22.85687681]
2025-07-21 11:16:33 - __main__ - INFO: 读 ./eye_hand_data/data20250721/1.jpg
2025-07-21 11:16:33 - __main__ - INFO: 读 ./eye_hand_data/data20250721/2.jpg
2025-07-21 11:16:33 - __main__ - INFO: 读 ./eye_hand_data/data20250721/3.jpg
2025-07-21 11:16:33 - __main__ - INFO: 读 ./eye_hand_data/data20250721/4.jpg
2025-07-21 11:16:34 - __main__ - INFO: 读 ./eye_hand_data/data20250721/5.jpg
2025-07-21 11:16:34 - __main__ - INFO: 读 ./eye_hand_data/data20250721/6.jpg
2025-07-21 11:16:34 - __main__ - INFO: 读 ./eye_hand_data/data20250721/8.jpg
2025-07-21 11:16:34 - __main__ - INFO: 读 ./eye_hand_data/data20250721/9.jpg
2025-07-21 11:16:34 - __main__ - INFO: 读 ./eye_hand_data/data20250721/10.jpg
2025-07-21 11:16:34 - __main__ - INFO: 读 ./eye_hand_data/data20250721/11.jpg
2025-07-21 11:16:34 - __main__ - INFO: 读 ./eye_hand_data/data20250721/12.jpg
2025-07-21 11:16:34 - __main__ - INFO: 读 ./eye_hand_data/data20250721/13.jpg
2025-07-21 11:16:35 - __main__ - INFO: 读 ./eye_hand_data/data20250721/14.jpg
2025-07-21 11:16:35 - __main__ - INFO: 读 ./eye_hand_data/data20250721/15.jpg
2025-07-21 11:16:35 - __main__ - INFO: 读 ./eye_hand_data/data20250721/16.jpg
2025-07-21 11:16:35 - __main__ - INFO: 读 ./eye_hand_data/data20250721/17.jpg
2025-07-21 11:16:35 - __main__ - INFO: 读 ./eye_hand_data/data20250721/18.jpg
2025-07-21 11:16:35 - __main__ - INFO: 读 ./eye_hand_data/data20250721/19.jpg
2025-07-21 11:16:35 - __main__ - INFO: 读 ./eye_hand_data/data20250721/20.jpg
2025-07-21 11:17:44 - __main__ - INFO: 读 ./eye_hand_data/data20250721/1.jpg
2025-07-21 11:17:44 - __main__ - INFO: 读 ./eye_hand_data/data20250721/2.jpg
2025-07-21 11:17:44 - __main__ - INFO: 读 ./eye_hand_data/data20250721/3.jpg
2025-07-21 11:17:44 - __main__ - INFO: 读 ./eye_hand_data/data20250721/4.jpg
2025-07-21 11:17:44 - __main__ - INFO: 读 ./eye_hand_data/data20250721/5.jpg
2025-07-21 11:17:44 - __main__ - INFO: 读 ./eye_hand_data/data20250721/6.jpg
2025-07-21 11:17:44 - __main__ - INFO: 读 ./eye_hand_data/data20250721/8.jpg
2025-07-21 11:17:44 - __main__ - INFO: 读 ./eye_hand_data/data20250721/9.jpg
2025-07-21 11:17:44 - __main__ - INFO: 读 ./eye_hand_data/data20250721/10.jpg
2025-07-21 11:17:44 - __main__ - INFO: 读 ./eye_hand_data/data20250721/11.jpg
2025-07-21 11:17:44 - __main__ - INFO: 读 ./eye_hand_data/data20250721/12.jpg
2025-07-21 11:17:44 - __main__ - INFO: 读 ./eye_hand_data/data20250721/13.jpg
2025-07-21 11:17:44 - __main__ - INFO: 读 ./eye_hand_data/data20250721/14.jpg
2025-07-21 11:17:44 - __main__ - INFO: 读 ./eye_hand_data/data20250721/15.jpg
2025-07-21 11:17:44 - __main__ - INFO: 读 ./eye_hand_data/data20250721/16.jpg
2025-07-21 11:17:44 - __main__ - INFO: 读 ./eye_hand_data/data20250721/17.jpg
2025-07-21 11:17:44 - __main__ - INFO: 读 ./eye_hand_data/data20250721/18.jpg
2025-07-21 11:17:44 - __main__ - INFO: 读 ./eye_hand_data/data20250721/19.jpg
2025-07-21 11:17:44 - __main__ - INFO: 读 ./eye_hand_data/data20250721/20.jpg
2025-07-21 11:17:44 - __main__ - INFO: 旋转矩阵是:
 [[ 0.95417127  0.03981368  0.29660085]
 [-0.1459604   0.9271455   0.34510402]
 [-0.26125228 -0.37258032  0.89046682]]
2025-07-21 11:17:44 - __main__ - INFO: 平移向量是:
 [[-0.89671485]
 [-0.00087114]
 [ 0.37847489]]
2025-07-21 11:17:44 - __main__ - INFO: 四元数是：
 [-0.18476942  0.14362052 -0.04782795  0.97105401]
2025-07-21 11:17:44 - __main__ - INFO: 欧拉角是：
[-21.18404209  17.25355592  -2.38933342]
2025-07-21 11:36:22 - __main__ - INFO: 读 ./eye_hand_data/data20250721/1.jpg
2025-07-21 11:36:22 - __main__ - INFO: 读 ./eye_hand_data/data20250721/2.jpg
2025-07-21 11:36:22 - __main__ - INFO: 读 ./eye_hand_data/data20250721/3.jpg
2025-07-21 11:36:22 - __main__ - INFO: 读 ./eye_hand_data/data20250721/4.jpg
2025-07-21 11:36:22 - __main__ - INFO: 读 ./eye_hand_data/data20250721/5.jpg
2025-07-21 11:36:22 - __main__ - INFO: 读 ./eye_hand_data/data20250721/6.jpg
2025-07-21 11:36:22 - __main__ - INFO: 读 ./eye_hand_data/data20250721/8.jpg
2025-07-21 11:36:22 - __main__ - INFO: 读 ./eye_hand_data/data20250721/9.jpg
2025-07-21 11:36:22 - __main__ - INFO: 读 ./eye_hand_data/data20250721/10.jpg
2025-07-21 11:36:22 - __main__ - INFO: 读 ./eye_hand_data/data20250721/11.jpg
2025-07-21 11:36:22 - __main__ - INFO: 读 ./eye_hand_data/data20250721/12.jpg
2025-07-21 11:36:22 - __main__ - INFO: 读 ./eye_hand_data/data20250721/13.jpg
2025-07-21 11:36:22 - __main__ - INFO: 读 ./eye_hand_data/data20250721/14.jpg
2025-07-21 11:36:22 - __main__ - INFO: 读 ./eye_hand_data/data20250721/15.jpg
2025-07-21 11:36:22 - __main__ - INFO: 读 ./eye_hand_data/data20250721/16.jpg
2025-07-21 11:36:22 - __main__ - INFO: 读 ./eye_hand_data/data20250721/17.jpg
2025-07-21 11:36:22 - __main__ - INFO: 读 ./eye_hand_data/data20250721/18.jpg
2025-07-21 11:36:22 - __main__ - INFO: 读 ./eye_hand_data/data20250721/19.jpg
2025-07-21 11:36:22 - __main__ - INFO: 读 ./eye_hand_data/data20250721/20.jpg
2025-07-21 11:36:22 - __main__ - INFO: 旋转矩阵是:
 [[ 0.95417127  0.03981368  0.29660085]
 [-0.1459604   0.9271455   0.34510402]
 [-0.26125228 -0.37258032  0.89046682]]
2025-07-21 11:36:22 - __main__ - INFO: 平移向量是:
 [[-0.89671485]
 [-0.00087114]
 [ 0.37847489]]
2025-07-21 11:36:22 - __main__ - INFO: 四元数是：
 [-0.18476942  0.14362052 -0.04782795  0.97105401]
2025-07-21 11:36:22 - __main__ - INFO: 欧拉角是：
[-21.18404209  17.25355592  -2.38933342]
2025-07-21 11:36:53 - __main__ - INFO: 读 ./eye_hand_data/data20250721/1.jpg
2025-07-21 11:36:53 - __main__ - INFO: 读 ./eye_hand_data/data20250721/2.jpg
2025-07-21 11:36:53 - __main__ - INFO: 读 ./eye_hand_data/data20250721/3.jpg
2025-07-21 11:36:53 - __main__ - INFO: 读 ./eye_hand_data/data20250721/4.jpg
2025-07-21 11:36:53 - __main__ - INFO: 读 ./eye_hand_data/data20250721/5.jpg
2025-07-21 11:36:53 - __main__ - INFO: 读 ./eye_hand_data/data20250721/6.jpg
2025-07-21 11:36:53 - __main__ - INFO: 读 ./eye_hand_data/data20250721/7.jpg
2025-07-21 11:36:53 - __main__ - INFO: 读 ./eye_hand_data/data20250721/8.jpg
2025-07-21 11:36:53 - __main__ - INFO: 读 ./eye_hand_data/data20250721/9.jpg
2025-07-21 11:36:53 - __main__ - INFO: 读 ./eye_hand_data/data20250721/10.jpg
2025-07-21 11:36:53 - __main__ - INFO: 读 ./eye_hand_data/data20250721/11.jpg
2025-07-21 11:36:53 - __main__ - INFO: 读 ./eye_hand_data/data20250721/12.jpg
2025-07-21 11:36:53 - __main__ - INFO: 读 ./eye_hand_data/data20250721/13.jpg
2025-07-21 11:36:53 - __main__ - INFO: 读 ./eye_hand_data/data20250721/14.jpg
2025-07-21 11:36:53 - __main__ - INFO: 读 ./eye_hand_data/data20250721/15.jpg
2025-07-21 11:36:53 - __main__ - INFO: 读 ./eye_hand_data/data20250721/16.jpg
2025-07-21 11:36:53 - __main__ - INFO: 读 ./eye_hand_data/data20250721/17.jpg
2025-07-21 11:36:53 - __main__ - INFO: 读 ./eye_hand_data/data20250721/18.jpg
2025-07-21 11:36:53 - __main__ - INFO: 读 ./eye_hand_data/data20250721/19.jpg
2025-07-21 11:36:53 - __main__ - INFO: 读 ./eye_hand_data/data20250721/20.jpg
2025-07-21 11:36:53 - __main__ - INFO: 读 ./eye_hand_data/data20250721/21.jpg
2025-07-21 11:36:53 - __main__ - INFO: 旋转矩阵是:
 [[ 0.97968145  0.08633883 -0.18102447]
 [-0.05752327  0.98563586  0.15878611]
 [ 0.19213361 -0.14514669  0.97057566]]
2025-07-21 11:36:53 - __main__ - INFO: 平移向量是:
 [[-0.84373164]
 [-0.00359636]
 [ 0.44549022]]
2025-07-21 11:36:53 - __main__ - INFO: 四元数是：
 [-0.0765995  -0.09404619 -0.03625724  0.99195425]
2025-07-21 11:36:53 - __main__ - INFO: 欧拉角是：
[ -9.29127547 -10.42943788  -5.03643614]
2025-07-21 11:38:56 - __main__ - INFO: 读 ./eye_hand_data/data20250721/1.jpg
2025-07-21 11:39:00 - __main__ - INFO: 读 ./eye_hand_data/data20250721/2.jpg
2025-07-21 11:39:05 - __main__ - INFO: 读 ./eye_hand_data/data20250721/3.jpg
2025-07-21 11:39:08 - __main__ - INFO: 读 ./eye_hand_data/data20250721/4.jpg
2025-07-21 11:39:11 - __main__ - INFO: 读 ./eye_hand_data/data20250721/5.jpg
2025-07-21 11:39:14 - __main__ - INFO: 读 ./eye_hand_data/data20250721/6.jpg
2025-07-21 11:39:19 - __main__ - INFO: 读 ./eye_hand_data/data20250721/7.jpg
2025-07-21 11:39:23 - __main__ - INFO: 读 ./eye_hand_data/data20250721/8.jpg
2025-07-21 11:39:26 - __main__ - INFO: 读 ./eye_hand_data/data20250721/9.jpg
2025-07-21 11:39:29 - __main__ - INFO: 读 ./eye_hand_data/data20250721/10.jpg
2025-07-21 11:39:32 - __main__ - INFO: 读 ./eye_hand_data/data20250721/11.jpg
2025-07-21 11:39:35 - __main__ - INFO: 读 ./eye_hand_data/data20250721/12.jpg
2025-07-21 11:39:38 - __main__ - INFO: 读 ./eye_hand_data/data20250721/13.jpg
2025-07-21 11:39:41 - __main__ - INFO: 读 ./eye_hand_data/data20250721/14.jpg
2025-07-21 11:39:44 - __main__ - INFO: 读 ./eye_hand_data/data20250721/15.jpg
2025-07-21 11:39:47 - __main__ - INFO: 读 ./eye_hand_data/data20250721/16.jpg
2025-07-21 11:39:50 - __main__ - INFO: 读 ./eye_hand_data/data20250721/17.jpg
2025-07-21 11:39:53 - __main__ - INFO: 读 ./eye_hand_data/data20250721/18.jpg
2025-07-21 11:39:56 - __main__ - INFO: 读 ./eye_hand_data/data20250721/19.jpg
2025-07-21 11:39:59 - __main__ - INFO: 读 ./eye_hand_data/data20250721/20.jpg
2025-07-21 11:40:02 - __main__ - INFO: 读 ./eye_hand_data/data20250721/21.jpg
2025-07-21 11:40:05 - __main__ - INFO: 旋转矩阵是:
 [[ 0.97968145  0.08633883 -0.18102447]
 [-0.05752327  0.98563586  0.15878611]
 [ 0.19213361 -0.14514669  0.97057566]]
2025-07-21 11:40:05 - __main__ - INFO: 平移向量是:
 [[-0.84373164]
 [-0.00359636]
 [ 0.44549022]]
2025-07-21 11:40:05 - __main__ - INFO: 四元数是：
 [-0.0765995  -0.09404619 -0.03625724  0.99195425]
2025-07-21 11:40:05 - __main__ - INFO: 欧拉角是：
[ -9.29127547 -10.42943788  -5.03643614]
2025-07-21 15:41:40 - __main__ - INFO: 读 ./eye_hand_data/data2025072101/1.jpg
2025-07-21 15:42:12 - __main__ - INFO: 读 ./eye_hand_data/data2025072101/1.jpg
2025-07-21 15:42:12 - __main__ - INFO: 读 ./eye_hand_data/data2025072101/2.jpg
2025-07-21 15:42:12 - __main__ - INFO: 读 ./eye_hand_data/data2025072101/3.jpg
2025-07-21 15:42:12 - __main__ - INFO: 读 ./eye_hand_data/data2025072101/4.jpg
2025-07-21 15:42:12 - __main__ - INFO: 读 ./eye_hand_data/data2025072101/5.jpg
2025-07-21 15:42:12 - __main__ - INFO: 读 ./eye_hand_data/data2025072101/6.jpg
2025-07-21 15:42:12 - __main__ - INFO: 读 ./eye_hand_data/data2025072101/7.jpg
2025-07-21 15:42:12 - __main__ - INFO: 读 ./eye_hand_data/data2025072101/8.jpg
2025-07-21 15:42:12 - __main__ - INFO: 读 ./eye_hand_data/data2025072101/9.jpg
2025-07-21 15:42:13 - __main__ - INFO: 读 ./eye_hand_data/data2025072101/10.jpg
2025-07-21 15:42:13 - __main__ - INFO: 读 ./eye_hand_data/data2025072101/11.jpg
2025-07-21 15:42:13 - __main__ - INFO: 读 ./eye_hand_data/data2025072101/12.jpg
2025-07-21 15:42:13 - __main__ - INFO: 读 ./eye_hand_data/data2025072101/13.jpg
2025-07-21 15:42:13 - __main__ - INFO: 读 ./eye_hand_data/data2025072101/14.jpg
2025-07-21 15:42:13 - __main__ - INFO: 读 ./eye_hand_data/data2025072101/15.jpg
2025-07-21 15:42:13 - __main__ - INFO: 读 ./eye_hand_data/data2025072101/16.jpg
2025-07-21 15:42:13 - __main__ - INFO: 读 ./eye_hand_data/data2025072101/17.jpg
2025-07-21 15:42:14 - __main__ - INFO: 读 ./eye_hand_data/data2025072101/18.jpg
2025-07-21 15:42:14 - __main__ - INFO: 读 ./eye_hand_data/data2025072101/19.jpg
2025-07-21 15:42:14 - __main__ - INFO: 读 ./eye_hand_data/data2025072101/20.jpg
2025-07-21 15:42:14 - __main__ - INFO: 读 ./eye_hand_data/data2025072101/21.jpg
2025-07-21 15:42:14 - __main__ - INFO: 读 ./eye_hand_data/data2025072101/22.jpg
2025-07-21 15:42:14 - __main__ - INFO: 旋转矩阵是:
 [[ 0.88317441  0.08414855  0.46143471]
 [ 0.22730737  0.78374875 -0.57798724]
 [-0.41028566  0.61535105  0.67305925]]
2025-07-21 15:42:14 - __main__ - INFO: 平移向量是:
 [[-0.80219872]
 [-0.0743366 ]
 [ 0.31702265]]
2025-07-21 15:42:14 - __main__ - INFO: 四元数是：
 [0.32648369 0.23849271 0.03916661 0.91378094]
2025-07-21 15:42:14 - __main__ - INFO: 欧拉角是：
[40.65421802 27.47972539 -5.44269154]
2025-07-21 18:59:09 - libs.auxiliary - INFO: create folder eye_hand_data/data2025072102
2025-07-21 18:59:42 - libs.auxiliary - INFO: create folder eye_hand_data/data2025072103
2025-07-21 19:00:32 - libs.auxiliary - INFO: create folder eye_hand_data/data2025072104
2025-07-21 19:00:32 - __main__ - INFO: 开始手眼标定程序，当前程序版号V1.0.0
2025-07-21 19:03:38 - libs.auxiliary - INFO: create folder eye_hand_data/data2025072105
2025-07-21 19:03:39 - __main__ - INFO: 开始手眼标定程序，当前程序版号V1.0.0
2025-07-21 19:04:09 - __main__ - INFO: {'当前位姿为[-0.5576614990234375, 0.1539190979003906, 0.40087979125976564, 1.6057515145246772, 1.4019877332005344, -0.5889761845664361]'}
2025-07-21 19:04:09 - __main__ - INFO: ===采集第1次数据！
2025-07-21 19:05:17 - libs.auxiliary - INFO: create folder eye_hand_data/data2025072102
2025-07-21 19:05:17 - __main__ - INFO: 开始手眼标定程序，当前程序版号V1.0.0
2025-07-21 19:05:21 - __main__ - INFO: {'当前位姿为[-0.5148524169921875, 0.1268912811279297, 0.3571222839355468, 1.577954504330866, 1.3188535645062391, -0.6221194906485811]'}
2025-07-21 19:05:21 - __main__ - INFO: ===采集第1次数据！
2025-07-21 19:05:42 - __main__ - INFO: {'当前位姿为[-0.6296907958984375, 0.1656265563964843, 0.4946055908203125, 1.6092419866073895, 1.4643762764772756, -0.530746200621367]'}
2025-07-21 19:05:42 - __main__ - INFO: ===采集第2次数据！
2025-07-21 19:06:00 - __main__ - INFO: {'当前位姿为[-0.6727805786132812, 0.114876510620117, 0.3944192504882812, 2.392563683302902, 1.2345093885706668, 0.6064648971288772]'}
2025-07-21 19:06:00 - __main__ - INFO: ===采集第3次数据！
2025-07-21 19:06:28 - __main__ - INFO: {'当前位姿为[-0.5825143432617188, 0.1576759796142578, 0.4254204711914062, 0.5222699247933765, 1.3614907735584079, -1.8978563439483815]'}
2025-07-21 19:06:28 - __main__ - INFO: ===采集第4次数据！
2025-07-21 19:06:44 - __main__ - INFO: {'当前位姿为[-0.5386218872070313, 0.2011416625976562, 0.4530118103027343, 1.9517392833356288, 0.9287802264842788, -0.1555777596274963]'}
2025-07-21 19:06:44 - __main__ - INFO: ===采集第5次数据！
2025-07-21 19:06:51 - __main__ - INFO: {'当前位姿为[-0.5909365234375, 0.05309075546264648, 0.4297110900878906, 1.4593217298863599, 0.8681650821774214, -0.6163169952655164]'}
2025-07-21 19:06:51 - __main__ - INFO: ===采集第6次数据！
2025-07-21 19:09:31 - libs.auxiliary - INFO: create folder eye_hand_data/data2025072103
2025-07-21 19:09:31 - __main__ - INFO: 开始手眼标定程序，当前程序版号V1.0.0
2025-07-21 19:10:45 - libs.auxiliary - INFO: create folder eye_hand_data/data2025072104
2025-07-21 19:10:45 - __main__ - INFO: 开始手眼标定程序，当前程序版号V1.0.0
2025-07-21 19:10:54 - __main__ - INFO: {'当前位姿为[-0.6025133056640625, 0.1903119049072265, 0.5448446044921875, -2.7499937237373775, 1.3648139991246635, 1.4738474094199787]'}
2025-07-21 19:10:54 - __main__ - INFO: ===采集第1次数据！
2025-07-21 19:11:13 - __main__ - INFO: {'当前位姿为[-0.6479296264648438, 0.11265027618408201, 0.447800537109375, 2.893228114541766, 1.2065809513770605, 1.168989101010047]'}
2025-07-21 19:11:13 - __main__ - INFO: ===采集第2次数据！
2025-07-21 19:11:27 - __main__ - INFO: {'当前位姿为[-0.5180330810546875, 0.3096582946777343, 0.4599176025390625, 2.2321083607836827, 1.2468073338524348, 0.030146294862883827]'}
2025-07-21 19:11:27 - __main__ - INFO: ===采集第3次数据！
2025-07-21 19:11:38 - __main__ - INFO: {'当前位姿为[-0.5878956909179688, 0.17418592834472651, 0.5132716674804687, 1.5854900517932997, 1.0702239743507227, -0.5965261796777833]'}
2025-07-21 19:11:38 - __main__ - INFO: ===采集第4次数据！
2025-07-21 19:11:46 - __main__ - INFO: {'当前位姿为[-0.6088836669921875, 0.06719574737548828, 0.497932891845703, 1.5155804752820656, 0.76520674180274, -0.7330868885275122]'}
2025-07-21 19:11:46 - __main__ - INFO: ===采集第5次数据！
2025-07-21 19:11:58 - __main__ - INFO: {'当前位姿为[-0.52536328125, 0.3557135009765625, 0.46408364868164065, 2.047873672891143, 0.9976715433527211, -0.14566370970599918]'}
2025-07-21 19:11:58 - __main__ - INFO: ===采集第6次数据！
2025-07-21 19:12:26 - __main__ - INFO: {'当前位姿为[-0.6476582641601563, 0.422829132080078, 0.3797168579101562, 1.8444611625147846, 1.152949813870881, -0.4643492670089203]'}
2025-07-21 19:12:26 - __main__ - INFO: ===采集第7次数据！
2025-07-21 19:12:41 - __main__ - INFO: {'当前位姿为[-0.8316337280273437, -0.01537254428863525, 0.2965405883789062, 1.1463479706866293, 1.180213259740295, -0.8218907940245312]'}
2025-07-21 19:12:41 - __main__ - INFO: ===采集第8次数据！
2025-07-21 19:12:50 - __main__ - INFO: {'当前位姿为[-0.7508502807617188, 0.21857742309570302, 0.382552764892578, 1.6067789620732298, 1.2335675616511603, -0.4973531233184863]'}
2025-07-21 19:12:50 - __main__ - INFO: ===采集第9次数据！
2025-07-21 19:13:05 - __main__ - INFO: {'当前位姿为[-0.582836181640625, 0.4024434509277343, 0.511468994140625, 2.8749018378164943, 0.7692993546079192, 0.7694370400362762]'}
2025-07-21 19:13:05 - __main__ - INFO: ===采集第10次数据！
2025-07-21 19:13:15 - __main__ - INFO: {'当前位姿为[-0.6940118408203125, 0.14502423095703118, 0.510058349609375, 2.8715246832381656, 0.7690832390854593, 1.165027915204663]'}
2025-07-21 19:13:15 - __main__ - INFO: ===采集第11次数据！
2025-07-21 19:13:24 - __main__ - INFO: {'当前位姿为[-0.5372140502929688, 0.3564959106445312, 0.5398995361328125, 2.648185868953613, 0.6275534711158062, 0.7121264125890164]'}
2025-07-21 19:13:24 - __main__ - INFO: ===采集第12次数据！
2025-07-21 19:13:37 - __main__ - INFO: {'当前位姿为[-0.7683198852539063, -0.004547074317932129, 0.433927276611328, 2.5037107113973596, 1.0624063315498222, 0.8950943679090574]'}
2025-07-21 19:13:37 - __main__ - INFO: ===采集第13次数据！
2025-07-21 19:13:52 - __main__ - INFO: {'当前位姿为[-0.8585884399414062, 0.07158587646484375, 0.290622314453125, 2.7710822311452823, 1.1261963633502174, 1.0589094013014664]'}
2025-07-21 19:13:52 - __main__ - INFO: ===采集第14次数据！
2025-07-21 19:14:38 - __main__ - INFO: {'当前位姿为[-0.6592474365234375, 0.02617774963378906, 0.28148748779296867, 0.4898266638932721, 1.0603888538660327, -1.7866772247627911]'}
2025-07-21 19:14:38 - __main__ - INFO: ===采集第15次数据！
2025-07-21 19:15:38 - __main__ - INFO: {'当前位姿为[-0.634402587890625, 0.1215125579833984, 0.32310064697265617, -0.6691638984096946, 1.3843104688329155, -2.859502907761436]'}
2025-07-21 19:15:38 - __main__ - INFO: ===采集第16次数据！
2025-07-21 19:15:56 - __main__ - INFO: {'当前位姿为[-0.6196524047851563, 0.2461354675292968, 0.537529541015625, -1.172090085783335, 1.361540707828847, 2.8321975171048557]'}
2025-07-21 19:15:56 - __main__ - INFO: ===采集第17次数据！
2025-07-21 19:18:51 - libs.auxiliary - INFO: create folder eye_hand_data/data2025072105
2025-07-21 19:18:51 - __main__ - INFO: 开始手眼标定程序，当前程序版号V1.0.0
2025-07-21 19:19:00 - libs.auxiliary - INFO: create folder eye_hand_data/data2025072106
2025-07-21 19:19:00 - __main__ - INFO: 开始手眼标定程序，当前程序版号V1.0.0
2025-07-21 19:19:03 - __main__ - INFO: {'当前位姿为[-0.6196589965820313, 0.246140914916992, 0.5375075073242187, -1.1719926140874384, 1.3615817205096343, 2.832292591955771]'}
2025-07-21 19:19:03 - __main__ - INFO: ===采集第1次数据！
2025-07-21 19:19:50 - __main__ - INFO: {'当前位姿为[-0.6369017944335937, 0.252816452026367, 0.4291195983886718, -2.8119273990999365, 1.4543440154928928, 1.265118563717547]'}
2025-07-21 19:19:50 - __main__ - INFO: ===采集第2次数据！
2025-07-21 19:20:16 - __main__ - INFO: {'当前位姿为[-0.706345947265625, 0.1641761322021484, 0.54247607421875, -3.0702444374576974, 0.9928643378480464, 1.1555095111526108]'}
2025-07-21 19:20:16 - __main__ - INFO: ===采集第3次数据！
2025-07-21 19:20:22 - __main__ - INFO: {'当前位姿为[-0.6615506591796875, 0.144949951171875, 0.538965087890625, 2.6094621751233156, 0.9306498987275689, 0.6585249027499642]'}
2025-07-21 19:20:22 - __main__ - INFO: ===采集第4次数据！
2025-07-21 19:20:31 - __main__ - INFO: {'当前位姿为[-0.6052986450195312, 0.08126535034179687, 0.503118927001953, 2.4170096378970674, 0.8677336500808286, 0.5583719362675723]'}
2025-07-21 19:20:31 - __main__ - INFO: ===采集第5次数据！
2025-07-21 19:20:45 - __main__ - INFO: {'当前位姿为[-0.6862240600585937, -0.060098472595214836, 0.4246209716796875, 2.0333475938833625, 1.3491229202980255, 0.28069990863446903]'}
2025-07-21 19:20:45 - __main__ - INFO: ===采集第6次数据！
2025-07-21 19:20:57 - __main__ - INFO: {'当前位姿为[-0.7765006103515625, -0.10786459350585931, 0.321936065673828, 1.302266065656681, 1.2524143532114875, -0.42011555946227613]'}
2025-07-21 19:20:57 - __main__ - INFO: ===采集第7次数据！
2025-07-21 19:21:08 - __main__ - INFO: {'当前位姿为[-0.7780115356445313, -0.10672244262695299, 0.2921024169921875, 1.431781847895796, 0.9362282891049034, -0.28252244292646456]'}
2025-07-21 19:21:08 - __main__ - INFO: ===采集第8次数据！
2025-07-21 19:21:18 - __main__ - INFO: {'当前位姿为[-0.8776694946289062, -0.07664711761474609, 0.2920557861328125, 0.9007823473652484, 0.9229833237395034, -0.8666904233028173]'}
2025-07-21 19:21:18 - __main__ - INFO: ===采集第9次数据！
2025-07-21 19:21:32 - __main__ - INFO: {'当前位姿为[-0.8097045288085938, 0.08896419525146484, 0.46823617553710933, 1.5408766440542379, 1.3251324994083193, -0.3900442762765649]'}
2025-07-21 19:21:32 - __main__ - INFO: ===采集第10次数据！
2025-07-21 19:21:39 - __main__ - INFO: {'当前位姿为[-0.6724089965820312, 0.2546785278320312, 0.6042406005859375, -3.117362415043924, 1.0967366085298156, 0.9114256706617503]'}
2025-07-21 19:21:39 - __main__ - INFO: ===采集第11次数据！
2025-07-21 19:21:51 - __main__ - INFO: {'当前位姿为[-0.633326171875, 0.2535394134521484, 0.690285400390625, 1.958272150647645, 1.3300281884402116, -0.3202030764263186]'}
2025-07-21 19:21:51 - __main__ - INFO: ===采集第12次数据！
2025-07-21 19:22:04 - __main__ - INFO: {'当前位姿为[-0.6676691284179688, 0.17672994995117178, 0.6405318603515625, 2.1210959554823288, 1.069905726600458, -0.049798561575500146]'}
2025-07-21 19:22:04 - __main__ - INFO: ===采集第13次数据！
2025-07-21 19:22:32 - __main__ - INFO: {'当前位姿为[-0.6446090087890625, 0.0066308903694152835, 0.5334165649414062, 2.3329642686358008, 0.5076283644628252, 0.4688714476979294]'}
2025-07-21 19:22:32 - __main__ - INFO: ===采集第14次数据！
2025-07-21 19:22:42 - __main__ - INFO: {'当前位姿为[-0.7982117309570312, -0.133559097290039, 0.4121758728027343, 1.6263916787630635, 1.0129893135735573, -0.03480391809926942]'}
2025-07-21 19:22:42 - __main__ - INFO: ===采集第15次数据！
2025-07-21 19:22:50 - __main__ - INFO: {'当前位姿为[-0.8425686645507813, -0.040285675048828115, 0.37687283325195303, 0.8864659257142823, 1.4595899102081307, -0.886931978905046]'}
2025-07-21 19:22:50 - __main__ - INFO: ===采集第16次数据！
2025-07-21 19:23:05 - __main__ - INFO: {'当前位姿为[-0.7678934326171875, 0.1649033203125, 0.3956830444335937, -1.5849190700555869, 1.144623573880803, 2.658414538068389]'}
2025-07-21 19:23:05 - __main__ - INFO: ===采集第17次数据！
2025-07-21 19:23:23 - __main__ - INFO: {'当前位姿为[-0.6888381958007812, 0.3848018798828125, 0.349680419921875, -1.5841612675674048, 1.1325344204284973, 2.3629077866682167]'}
2025-07-21 19:23:23 - __main__ - INFO: ===采集第18次数据！
2025-07-21 19:23:32 - __main__ - INFO: {'当前位姿为[-0.6610015869140625, 0.4062947998046875, 0.393495849609375, 1.6386301023944685, 1.4930614508946283, -0.7455830395734093]'}
2025-07-21 19:23:32 - __main__ - INFO: ===采集第19次数据！
2025-07-21 19:24:30 - libs.auxiliary - INFO: create folder eye_hand_data/data2025072107
2025-07-21 19:24:30 - __main__ - INFO: 开始手眼标定程序，当前程序版号V1.0.0
2025-07-21 19:25:47 - __main__ - INFO: 读 ./eye_hand_data/data2025072106/1.jpg
2025-07-21 19:25:49 - __main__ - INFO: 读 ./eye_hand_data/data2025072106/2.jpg
2025-07-21 19:25:51 - __main__ - INFO: 读 ./eye_hand_data/data2025072106/3.jpg
2025-07-21 19:25:53 - __main__ - INFO: 读 ./eye_hand_data/data2025072106/4.jpg
2025-07-21 19:25:55 - __main__ - INFO: 读 ./eye_hand_data/data2025072106/5.jpg
2025-07-21 19:25:57 - __main__ - INFO: 读 ./eye_hand_data/data2025072106/6.jpg
2025-07-21 19:25:59 - __main__ - INFO: 读 ./eye_hand_data/data2025072106/7.jpg
2025-07-21 19:26:01 - __main__ - INFO: 读 ./eye_hand_data/data2025072106/8.jpg
2025-07-21 19:26:03 - __main__ - INFO: 读 ./eye_hand_data/data2025072106/9.jpg
2025-07-21 19:26:05 - __main__ - INFO: 读 ./eye_hand_data/data2025072106/10.jpg
2025-07-21 19:26:07 - __main__ - INFO: 读 ./eye_hand_data/data2025072106/11.jpg
2025-07-21 19:26:09 - __main__ - INFO: 读 ./eye_hand_data/data2025072106/12.jpg
2025-07-21 19:26:11 - __main__ - INFO: 读 ./eye_hand_data/data2025072106/13.jpg
2025-07-21 19:26:13 - __main__ - INFO: 读 ./eye_hand_data/data2025072106/14.jpg
2025-07-21 19:26:15 - __main__ - INFO: 读 ./eye_hand_data/data2025072106/15.jpg
2025-07-21 19:26:17 - __main__ - INFO: 读 ./eye_hand_data/data2025072106/16.jpg
2025-07-21 19:26:19 - __main__ - INFO: 读 ./eye_hand_data/data2025072106/17.jpg
2025-07-21 19:26:21 - __main__ - INFO: 读 ./eye_hand_data/data2025072106/18.jpg
2025-07-21 19:26:23 - __main__ - INFO: 读 ./eye_hand_data/data2025072106/19.jpg
2025-07-21 19:26:25 - __main__ - INFO: 旋转矩阵是:
 [[ 0.81812162  0.03864846 -0.57374499]
 [-0.15934538  0.97390485 -0.16161183]
 [ 0.55252698  0.22364175  0.80293107]]
2025-07-21 19:26:25 - __main__ - INFO: 平移向量是:
 [[-0.37549761]
 [-0.50334409]
 [ 0.44790296]]
2025-07-21 19:26:25 - __main__ - INFO: 四元数是：
 [ 0.10159441 -0.2970068  -0.05221254  0.94801866]
2025-07-21 19:26:25 - __main__ - INFO: 欧拉角是：
[ 11.38028679 -35.01179036  -2.70466946]
2025-07-21 19:51:03 - __main__ - INFO: 找到 19 张图片
2025-07-21 19:51:03 - __main__ - INFO: 读 ./eye_hand_data/data2025072106/1.jpg
2025-07-21 19:51:04 - __main__ - INFO: 图片 1.jpg 角点检测成功
2025-07-21 19:51:04 - __main__ - INFO: 读 ./eye_hand_data/data2025072106/2.jpg
2025-07-21 19:51:04 - __main__ - INFO: 图片 2.jpg 角点检测成功
2025-07-21 19:51:04 - __main__ - INFO: 读 ./eye_hand_data/data2025072106/3.jpg
2025-07-21 19:51:05 - __main__ - INFO: 图片 3.jpg 角点检测成功
2025-07-21 19:51:05 - __main__ - INFO: 读 ./eye_hand_data/data2025072106/4.jpg
2025-07-21 19:51:05 - __main__ - INFO: 图片 4.jpg 角点检测成功
2025-07-21 19:51:05 - __main__ - INFO: 读 ./eye_hand_data/data2025072106/5.jpg
2025-07-21 19:51:06 - __main__ - INFO: 图片 5.jpg 角点检测成功
2025-07-21 19:51:06 - __main__ - INFO: 读 ./eye_hand_data/data2025072106/6.jpg
2025-07-21 19:51:06 - __main__ - INFO: 图片 6.jpg 角点检测成功
2025-07-21 19:51:06 - __main__ - INFO: 读 ./eye_hand_data/data2025072106/7.jpg
2025-07-21 19:51:07 - __main__ - INFO: 图片 7.jpg 角点检测成功
2025-07-21 19:51:07 - __main__ - INFO: 读 ./eye_hand_data/data2025072106/8.jpg
2025-07-21 19:51:07 - __main__ - INFO: 图片 8.jpg 角点检测成功
2025-07-21 19:51:07 - __main__ - INFO: 读 ./eye_hand_data/data2025072106/9.jpg
2025-07-21 19:51:08 - __main__ - INFO: 图片 9.jpg 角点检测成功
2025-07-21 19:51:08 - __main__ - INFO: 读 ./eye_hand_data/data2025072106/10.jpg
2025-07-21 19:51:08 - __main__ - INFO: 图片 10.jpg 角点检测成功
2025-07-21 19:51:08 - __main__ - INFO: 读 ./eye_hand_data/data2025072106/11.jpg
2025-07-21 19:51:09 - __main__ - INFO: 图片 11.jpg 角点检测成功
2025-07-21 19:51:09 - __main__ - INFO: 读 ./eye_hand_data/data2025072106/12.jpg
2025-07-21 19:51:09 - __main__ - INFO: 图片 12.jpg 角点检测成功
2025-07-21 19:51:09 - __main__ - INFO: 读 ./eye_hand_data/data2025072106/13.jpg
2025-07-21 19:51:10 - __main__ - INFO: 图片 13.jpg 角点检测成功
2025-07-21 19:51:10 - __main__ - INFO: 读 ./eye_hand_data/data2025072106/14.jpg
2025-07-21 19:51:10 - __main__ - INFO: 图片 14.jpg 角点检测成功
2025-07-21 19:51:10 - __main__ - INFO: 读 ./eye_hand_data/data2025072106/15.jpg
2025-07-21 19:51:11 - __main__ - INFO: 图片 15.jpg 角点检测成功
2025-07-21 19:51:11 - __main__ - INFO: 读 ./eye_hand_data/data2025072106/16.jpg
2025-07-21 19:51:11 - __main__ - INFO: 图片 16.jpg 角点检测成功
2025-07-21 19:51:11 - __main__ - INFO: 读 ./eye_hand_data/data2025072106/17.jpg
2025-07-21 19:51:12 - __main__ - INFO: 图片 17.jpg 角点检测成功
2025-07-21 19:51:12 - __main__ - INFO: 读 ./eye_hand_data/data2025072106/18.jpg
2025-07-21 19:51:12 - __main__ - INFO: 图片 18.jpg 角点检测成功
2025-07-21 19:51:12 - __main__ - INFO: 读 ./eye_hand_data/data2025072106/19.jpg
2025-07-21 19:51:13 - __main__ - INFO: 图片 19.jpg 角点检测成功
2025-07-21 19:51:13 - __main__ - INFO: 有效图片数量: 19
2025-07-21 19:51:13 - __main__ - INFO: 相机标定重投影误差: 0.12104888776501756
2025-07-21 19:51:13 - __main__ - INFO: 内参矩阵:
[[647.61348044   0.         637.67802841]
 [  0.         650.53714064 393.84838068]
 [  0.           0.           1.        ]]
2025-07-21 19:51:13 - __main__ - INFO: 畸变系数:
[[-0.05944922  0.07630562  0.00616256 -0.00120048 -0.02768978]]
2025-07-21 19:51:13 - __main__ - INFO: 用于手眼标定的位姿对数量: 19
2025-07-21 19:51:13 - __main__ - INFO: TSAI 方法平均误差: 3.1672157777448375
2025-07-21 19:51:13 - __main__ - INFO: PARK 方法平均误差: 3.1672157777448375
2025-07-21 19:51:13 - __main__ - INFO: HORAUD 方法平均误差: 3.1672157777448375
2025-07-21 19:51:13 - __main__ - INFO: ANDREFF 方法平均误差: 3.1672157777448375
2025-07-21 19:51:13 - __main__ - INFO: DANIILIDIS 方法平均误差: 3.1672157777448375
2025-07-21 19:51:13 - __main__ - INFO: 最佳方法: TSAI, 误差: 3.1672157777448375
2025-07-21 19:51:13 - __main__ - INFO: 旋转矩阵是:
[[ 0.81698932  0.037904   -0.57540571]
 [-0.16016916  0.97348991 -0.16328883]
 [ 0.55396235  0.22556748  0.80140191]]
2025-07-21 19:51:13 - __main__ - INFO: 平移向量是:
[[-0.37499505]
 [-0.50207511]
 [ 0.44798699]]
2025-07-21 19:51:13 - __main__ - INFO: 四元数是：
[ 0.10258838 -0.29795078 -0.05225582  0.94761294]
2025-07-21 19:51:13 - __main__ - INFO: 欧拉角是：
[ 11.51659698 -35.12804957  -2.65631783]
2025-07-21 19:51:13 - __main__ - INFO: 旋转矩阵行列式: 0.9999999999999999 (应该接近1)
2025-07-21 20:33:11 - __main__ - INFO: 旋转矩阵是:
 [[ 0.94113428  0.28710324  0.17843206]
 [-0.3338322   0.70644683  0.62409049]
 [ 0.05312565 -0.64691932  0.76070563]]
2025-07-21 20:33:11 - __main__ - INFO: 平移向量是:
 [[-0.96607192]
 [-0.85146708]
 [ 0.57090329]]
2025-07-21 20:33:11 - __main__ - INFO: 四元数是：
 [-0.34423169  0.03393714 -0.16816995  0.92307729]
2025-07-21 20:33:11 - __main__ - INFO: 欧拉角是：
[-39.36579565  10.27844476 -16.96489676]
2025-07-21 20:35:35 - __main__ - INFO: 旋转矩阵是:
 [[ 0.94788219  0.28234249  0.14765526]
 [-0.31011346  0.71115321  0.63094433]
 [ 0.07313688 -0.64385078  0.76164767]]
2025-07-21 20:35:35 - __main__ - INFO: 平移向量是:
 [[-0.93171341]
 [-0.87264614]
 [ 0.55452288]]
2025-07-21 20:35:35 - __main__ - INFO: 四元数是：
 [-0.34463071  0.02014545 -0.16016575  0.92475444]
2025-07-21 20:35:35 - __main__ - INFO: 欧拉角是：
[-39.63814553   8.49107008 -16.58703926]
2025-07-21 20:38:13 - __main__ - INFO: 旋转矩阵是:
 [[ 0.94788219  0.28234249  0.14765526]
 [-0.31011346  0.71115321  0.63094433]
 [ 0.07313688 -0.64385078  0.76164767]]
2025-07-21 20:38:13 - __main__ - INFO: 平移向量是:
 [[-0.93171341]
 [-0.87264614]
 [ 0.55452288]]
2025-07-21 20:38:13 - __main__ - INFO: 四元数是：
 [-0.34463071  0.02014545 -0.16016575  0.92475444]
2025-07-21 20:38:13 - __main__ - INFO: 欧拉角是：
[-39.63814553   8.49107008 -16.58703926]
2025-07-21 20:43:25 - __main__ - INFO: 旋转矩阵是:
 [[1. 0. 0.]
 [0. 1. 0.]
 [0. 0. 1.]]
2025-07-21 20:43:25 - __main__ - INFO: 平移向量是:
 [[0.]
 [0.]
 [0.]]
2025-07-21 20:43:25 - __main__ - INFO: 四元数是：
 [0. 0. 0. 1.]
2025-07-21 20:43:25 - __main__ - INFO: 欧拉角是：
[-0.  0.  0.]
2025-07-21 20:44:33 - __main__ - INFO: 旋转矩阵是:
 [[ 0.78442136 -0.01942816 -0.61992392]
 [ 0.00897162  0.99976013 -0.01997982]
 [ 0.62016339  0.01011088  0.78440751]]
2025-07-21 20:44:33 - __main__ - INFO: 平移向量是:
 [[ 0.19455521]
 [-0.53329608]
 [ 0.39326311]]
2025-07-21 20:44:33 - __main__ - INFO: 四元数是：
 [ 0.00796442 -0.32822677  0.00751686  0.94453547]
2025-07-21 20:44:33 - __main__ - INFO: 欧拉角是：
[  1.45907826 -38.31057919   1.41878331]
2025-07-21 20:46:03 - __main__ - INFO: 旋转矩阵是:
 [[ 0.78442136 -0.01942816 -0.61992392]
 [ 0.00897162  0.99976013 -0.01997982]
 [ 0.62016339  0.01011088  0.78440751]]
2025-07-21 20:46:03 - __main__ - INFO: 平移向量是:
 [[ 0.19455521]
 [-0.53329608]
 [ 0.39326311]]
2025-07-21 20:46:03 - __main__ - INFO: 四元数是：
 [ 0.00796442 -0.32822677  0.00751686  0.94453547]
2025-07-21 20:46:03 - __main__ - INFO: 欧拉角是：
[  1.45907826 -38.31057919   1.41878331]
2025-07-21 21:11:34 - __main__ - INFO: 读 ./eye_hand_data/data2025072106/1.jpg
2025-07-21 21:12:23 - __main__ - INFO: 读 ./eye_hand_data/data2025072106/1.jpg
2025-07-21 21:12:25 - __main__ - INFO: 读 ./eye_hand_data/data2025072106/2.jpg
2025-07-21 21:12:27 - __main__ - INFO: 读 ./eye_hand_data/data2025072106/3.jpg
2025-07-21 21:12:29 - __main__ - INFO: 读 ./eye_hand_data/data2025072106/4.jpg
2025-07-21 21:12:31 - __main__ - INFO: 读 ./eye_hand_data/data2025072106/5.jpg
2025-07-21 21:12:33 - __main__ - INFO: 读 ./eye_hand_data/data2025072106/6.jpg
2025-07-21 21:12:35 - __main__ - INFO: 读 ./eye_hand_data/data2025072106/7.jpg
2025-07-21 21:12:37 - __main__ - INFO: 读 ./eye_hand_data/data2025072106/8.jpg
2025-07-21 21:12:39 - __main__ - INFO: 读 ./eye_hand_data/data2025072106/9.jpg
2025-07-21 21:12:41 - __main__ - INFO: 读 ./eye_hand_data/data2025072106/10.jpg
2025-07-21 21:12:43 - __main__ - INFO: 读 ./eye_hand_data/data2025072106/11.jpg
2025-07-21 21:12:45 - __main__ - INFO: 读 ./eye_hand_data/data2025072106/12.jpg
2025-07-21 21:12:47 - __main__ - INFO: 读 ./eye_hand_data/data2025072106/13.jpg
2025-07-21 21:12:49 - __main__ - INFO: 读 ./eye_hand_data/data2025072106/14.jpg
2025-07-21 21:12:51 - __main__ - INFO: 读 ./eye_hand_data/data2025072106/15.jpg
2025-07-21 21:12:53 - __main__ - INFO: 读 ./eye_hand_data/data2025072106/16.jpg
2025-07-21 21:12:55 - __main__ - INFO: 读 ./eye_hand_data/data2025072106/17.jpg
2025-07-21 21:12:57 - __main__ - INFO: 读 ./eye_hand_data/data2025072106/18.jpg
2025-07-21 21:12:59 - __main__ - INFO: 读 ./eye_hand_data/data2025072106/19.jpg
2025-07-21 21:13:01 - __main__ - INFO: 内参矩阵:
:[[ 213.84389331    0.          514.27930737]
 [   0.         1454.49119159  366.37973472]
 [   0.            0.            1.        ]]
2025-07-21 21:13:01 - __main__ - INFO: 畸变系数:
:[[-0.02578919 -0.00024144  0.00334633  0.00900026  0.00000443]]
2025-07-21 21:13:45 - __main__ - INFO: 读 ./eye_hand_data/data2025072106/1.jpg
2025-07-21 21:13:47 - __main__ - INFO: 读 ./eye_hand_data/data2025072106/2.jpg
2025-07-21 21:13:49 - __main__ - INFO: 读 ./eye_hand_data/data2025072106/3.jpg
2025-07-21 21:13:51 - __main__ - INFO: 读 ./eye_hand_data/data2025072106/4.jpg
2025-07-21 21:13:53 - __main__ - INFO: 读 ./eye_hand_data/data2025072106/5.jpg
2025-07-21 21:13:55 - __main__ - INFO: 读 ./eye_hand_data/data2025072106/6.jpg
2025-07-21 21:13:57 - __main__ - INFO: 读 ./eye_hand_data/data2025072106/7.jpg
2025-07-21 21:13:59 - __main__ - INFO: 读 ./eye_hand_data/data2025072106/8.jpg
2025-07-21 21:14:01 - __main__ - INFO: 读 ./eye_hand_data/data2025072106/9.jpg
2025-07-21 21:14:03 - __main__ - INFO: 读 ./eye_hand_data/data2025072106/10.jpg
2025-07-21 21:14:05 - __main__ - INFO: 读 ./eye_hand_data/data2025072106/11.jpg
2025-07-21 21:14:07 - __main__ - INFO: 读 ./eye_hand_data/data2025072106/12.jpg
2025-07-21 21:14:09 - __main__ - INFO: 读 ./eye_hand_data/data2025072106/13.jpg
2025-07-21 21:14:11 - __main__ - INFO: 读 ./eye_hand_data/data2025072106/14.jpg
2025-07-21 21:14:13 - __main__ - INFO: 读 ./eye_hand_data/data2025072106/15.jpg
2025-07-21 21:14:15 - __main__ - INFO: 读 ./eye_hand_data/data2025072106/16.jpg
2025-07-21 21:14:17 - __main__ - INFO: 读 ./eye_hand_data/data2025072106/17.jpg
2025-07-21 21:14:19 - __main__ - INFO: 读 ./eye_hand_data/data2025072106/18.jpg
2025-07-21 21:14:21 - __main__ - INFO: 读 ./eye_hand_data/data2025072106/19.jpg
2025-07-21 21:14:23 - __main__ - INFO: 内参矩阵:
:[[ 213.84389331    0.          514.27930737]
 [   0.         1454.49119159  366.37973472]
 [   0.            0.            1.        ]]
2025-07-21 21:14:23 - __main__ - INFO: 畸变系数:
:[[-0.02578919 -0.00024144  0.00334633  0.00900026  0.00000443]]
2025-07-21 21:14:23 - __main__ - INFO: 旋转矩阵是:
 [[ 0.9558939   0.26635592  0.12377954]
 [-0.29032067  0.79299379  0.5356069 ]
 [ 0.04450566 -0.54791913  0.83534656]]
2025-07-21 21:14:23 - __main__ - INFO: 平移向量是:
 [[-1.07979687]
 [-0.39409083]
 [ 0.16654925]]
2025-07-21 21:14:23 - __main__ - INFO: 四元数是：
 [-0.28616147  0.02093639 -0.14701944  0.9466037 ]
2025-07-21 21:14:23 - __main__ - INFO: 欧拉角是：
[-32.66715125   7.11028108 -15.57027734]
2025-07-21 21:24:09 - __main__ - INFO: 读 ./eye_hand_data/data2025072106/1.jpg
2025-07-21 21:24:09 - __main__ - INFO: 图片 1 角点检测成功
2025-07-21 21:24:09 - __main__ - INFO: 读 ./eye_hand_data/data2025072106/2.jpg
2025-07-21 21:24:10 - __main__ - INFO: 图片 2 角点检测成功
2025-07-21 21:24:10 - __main__ - INFO: 读 ./eye_hand_data/data2025072106/3.jpg
2025-07-21 21:24:10 - __main__ - INFO: 图片 3 角点检测成功
2025-07-21 21:24:10 - __main__ - INFO: 读 ./eye_hand_data/data2025072106/4.jpg
2025-07-21 21:24:11 - __main__ - INFO: 图片 4 角点检测成功
2025-07-21 21:24:11 - __main__ - INFO: 读 ./eye_hand_data/data2025072106/5.jpg
2025-07-21 21:24:11 - __main__ - INFO: 图片 5 角点检测成功
2025-07-21 21:24:11 - __main__ - INFO: 读 ./eye_hand_data/data2025072106/6.jpg
2025-07-21 21:24:12 - __main__ - INFO: 图片 6 角点检测成功
2025-07-21 21:24:12 - __main__ - INFO: 读 ./eye_hand_data/data2025072106/7.jpg
2025-07-21 21:24:12 - __main__ - INFO: 图片 7 角点检测成功
2025-07-21 21:24:12 - __main__ - INFO: 读 ./eye_hand_data/data2025072106/8.jpg
2025-07-21 21:24:13 - __main__ - INFO: 图片 8 角点检测成功
2025-07-21 21:24:13 - __main__ - INFO: 读 ./eye_hand_data/data2025072106/9.jpg
2025-07-21 21:24:13 - __main__ - INFO: 图片 9 角点检测成功
2025-07-21 21:24:13 - __main__ - INFO: 读 ./eye_hand_data/data2025072106/10.jpg
2025-07-21 21:24:14 - __main__ - INFO: 图片 10 角点检测成功
2025-07-21 21:24:14 - __main__ - INFO: 读 ./eye_hand_data/data2025072106/11.jpg
2025-07-21 21:24:14 - __main__ - INFO: 图片 11 角点检测成功
2025-07-21 21:24:14 - __main__ - INFO: 读 ./eye_hand_data/data2025072106/12.jpg
2025-07-21 21:24:15 - __main__ - INFO: 图片 12 角点检测成功
2025-07-21 21:24:15 - __main__ - INFO: 读 ./eye_hand_data/data2025072106/13.jpg
2025-07-21 21:24:15 - __main__ - INFO: 图片 13 角点检测成功
2025-07-21 21:24:15 - __main__ - INFO: 读 ./eye_hand_data/data2025072106/14.jpg
2025-07-21 21:24:16 - __main__ - INFO: 图片 14 角点检测成功
2025-07-21 21:24:16 - __main__ - INFO: 读 ./eye_hand_data/data2025072106/15.jpg
2025-07-21 21:24:16 - __main__ - INFO: 图片 15 角点检测成功
2025-07-21 21:24:16 - __main__ - INFO: 读 ./eye_hand_data/data2025072106/16.jpg
2025-07-21 21:24:17 - __main__ - INFO: 图片 16 角点检测成功
2025-07-21 21:24:17 - __main__ - INFO: 读 ./eye_hand_data/data2025072106/17.jpg
2025-07-21 21:24:17 - __main__ - INFO: 图片 17 角点检测成功
2025-07-21 21:24:17 - __main__ - INFO: 读 ./eye_hand_data/data2025072106/18.jpg
2025-07-21 21:24:18 - __main__ - INFO: 图片 18 角点检测成功
2025-07-21 21:24:18 - __main__ - INFO: 读 ./eye_hand_data/data2025072106/19.jpg
2025-07-21 21:24:18 - __main__ - INFO: 图片 19 角点检测成功
2025-07-21 21:24:18 - __main__ - INFO: 总共使用 19 张有效图片进行标定
2025-07-21 21:24:19 - __main__ - INFO: 平均重投影误差: 0.02213105165902991
2025-07-21 21:24:19 - __main__ - INFO: 内参矩阵:
[[644.16582077   0.         650.39954294]
 [  0.         647.99661057 379.61702457]
 [  0.           0.           1.        ]]
2025-07-21 21:24:19 - __main__ - INFO: 畸变系数:
[[-0.01479713 -0.00651385  0.01382137 -0.02752614 -0.1448471   0.04488302
  -0.08713071 -0.11637158  0.02434526  0.00243364 -0.00799158 -0.0008068
  -0.03565726 -0.07245149]]
2025-07-21 21:24:19 - __main__ - INFO: TSAI 方法结果 - 平移向量模长: 0.770035
2025-07-21 21:24:19 - __main__ - INFO: PARK 方法结果 - 平移向量模长: 0.770035
2025-07-21 21:24:19 - __main__ - INFO: HORAUD 方法结果 - 平移向量模长: 0.770035
2025-07-21 21:24:19 - __main__ - INFO: ANDREFF 方法结果 - 平移向量模长: 0.770035
2025-07-21 21:24:19 - __main__ - INFO: DANIILIDIS 方法结果 - 平移向量模长: 0.770035
2025-07-21 21:24:19 - __main__ - INFO: 选择最佳结果，平移向量模长: 0.770035
2025-07-21 21:24:19 - __main__ - INFO: 旋转矩阵是:
 [[ 0.82344129  0.02410663 -0.56688916]
 [-0.15491974  0.97068785 -0.18375248]
 [ 0.54584276  0.2391317   0.80303905]]
2025-07-21 21:24:19 - __main__ - INFO: 平移向量是:
 [[-0.37274836]
 [-0.49957487]
 [ 0.4521471 ]]
2025-07-21 21:24:19 - __main__ - INFO: 四元数是：
 [ 0.11148362 -0.29334601 -0.04719616  0.9483101 ]
2025-07-21 21:24:19 - __main__ - INFO: 欧拉角是：
[ 12.88860966 -34.53358078  -1.67688207]
2025-07-21 21:32:34 - __main__ - INFO: 读 ./eye_hand_data/data2025072106/1.jpg
2025-07-21 21:32:34 - __main__ - INFO: 图片 1 角点检测成功
2025-07-21 21:32:34 - __main__ - INFO: 读 ./eye_hand_data/data2025072106/2.jpg
2025-07-21 21:32:35 - __main__ - INFO: 图片 2 角点检测成功
2025-07-21 21:32:35 - __main__ - INFO: 读 ./eye_hand_data/data2025072106/3.jpg
2025-07-21 21:32:35 - __main__ - INFO: 图片 3 角点检测成功
2025-07-21 21:32:35 - __main__ - INFO: 读 ./eye_hand_data/data2025072106/4.jpg
2025-07-21 21:32:36 - __main__ - INFO: 图片 4 角点检测成功
2025-07-21 21:32:36 - __main__ - INFO: 读 ./eye_hand_data/data2025072106/5.jpg
2025-07-21 21:32:36 - __main__ - INFO: 图片 5 角点检测成功
2025-07-21 21:32:36 - __main__ - INFO: 读 ./eye_hand_data/data2025072106/6.jpg
2025-07-21 21:32:37 - __main__ - INFO: 图片 6 角点检测成功
2025-07-21 21:32:37 - __main__ - INFO: 读 ./eye_hand_data/data2025072106/7.jpg
2025-07-21 21:32:37 - __main__ - INFO: 图片 7 角点检测成功
2025-07-21 21:32:37 - __main__ - INFO: 读 ./eye_hand_data/data2025072106/8.jpg
2025-07-21 21:32:38 - __main__ - INFO: 图片 8 角点检测成功
2025-07-21 21:32:38 - __main__ - INFO: 读 ./eye_hand_data/data2025072106/9.jpg
2025-07-21 21:32:38 - __main__ - INFO: 图片 9 角点检测成功
2025-07-21 21:32:38 - __main__ - INFO: 读 ./eye_hand_data/data2025072106/10.jpg
2025-07-21 21:32:39 - __main__ - INFO: 图片 10 角点检测成功
2025-07-21 21:32:39 - __main__ - INFO: 读 ./eye_hand_data/data2025072106/11.jpg
2025-07-21 21:32:39 - __main__ - INFO: 图片 11 角点检测成功
2025-07-21 21:32:39 - __main__ - INFO: 读 ./eye_hand_data/data2025072106/12.jpg
2025-07-21 21:32:40 - __main__ - INFO: 图片 12 角点检测成功
2025-07-21 21:32:40 - __main__ - INFO: 读 ./eye_hand_data/data2025072106/13.jpg
2025-07-21 21:32:40 - __main__ - INFO: 图片 13 角点检测成功
2025-07-21 21:32:40 - __main__ - INFO: 读 ./eye_hand_data/data2025072106/14.jpg
2025-07-21 21:32:41 - __main__ - INFO: 图片 14 角点检测成功
2025-07-21 21:32:41 - __main__ - INFO: 读 ./eye_hand_data/data2025072106/15.jpg
2025-07-21 21:32:41 - __main__ - INFO: 图片 15 角点检测成功
2025-07-21 21:32:41 - __main__ - INFO: 读 ./eye_hand_data/data2025072106/16.jpg
2025-07-21 21:32:42 - __main__ - INFO: 图片 16 角点检测成功
2025-07-21 21:32:42 - __main__ - INFO: 读 ./eye_hand_data/data2025072106/17.jpg
2025-07-21 21:32:42 - __main__ - INFO: 图片 17 角点检测成功
2025-07-21 21:32:42 - __main__ - INFO: 读 ./eye_hand_data/data2025072106/18.jpg
2025-07-21 21:32:43 - __main__ - INFO: 图片 18 角点检测成功
2025-07-21 21:32:43 - __main__ - INFO: 读 ./eye_hand_data/data2025072106/19.jpg
2025-07-21 21:32:43 - __main__ - INFO: 图片 19 角点检测成功
2025-07-21 21:32:43 - __main__ - INFO: 总共使用 19 张有效图片进行标定
2025-07-21 21:32:43 - __main__ - INFO: 使用手动设置的内参矩阵:
[[1349.5289     0.       971.1572 ]
 [   0.      1350.872    532.58496]
 [   0.         0.         1.     ]]
2025-07-21 21:32:43 - __main__ - INFO: 使用手动设置的畸变系数:
[ 0.10498975 -0.1649872   0.          0.          0.        ]
2025-07-21 21:32:43 - __main__ - INFO: 使用手动内参的平均重投影误差: 0.3245630448520661
2025-07-21 21:32:43 - __main__ - INFO: TSAI 方法结果 - 一致性误差: 25.526601
2025-07-21 21:32:43 - __main__ - INFO: PARK 方法结果 - 一致性误差: 25.526601
2025-07-21 21:32:43 - __main__ - INFO: HORAUD 方法结果 - 一致性误差: 25.526601
2025-07-21 21:32:43 - __main__ - INFO: ANDREFF 方法结果 - 一致性误差: 25.526601
2025-07-21 21:32:43 - __main__ - INFO: DANIILIDIS 方法结果 - 一致性误差: 25.526601
2025-07-21 21:32:43 - __main__ - INFO: 选择最佳结果: TSAI，一致性误差: 25.526601
2025-07-21 21:32:43 - __main__ - INFO: 旋转矩阵是:
 [[ 0.78466353 -0.01899572 -0.61963078]
 [ 0.00818349  0.99976072 -0.0202861 ]
 [ 0.61986786  0.01084702  0.78463123]]
2025-07-21 21:32:43 - __main__ - INFO: 平移向量是:
 [[ 0.19455191]
 [-0.5333334 ]
 [ 0.39296139]]
2025-07-21 21:32:43 - __main__ - INFO: 四元数是：
 [ 0.00823979 -0.32804952  0.00719333  0.9445972 ]
2025-07-21 21:32:43 - __main__ - INFO: 欧拉角是：
[  1.48101299 -38.28917693   1.38678822]
