2025-07-23 12:57:54 - libs.auxiliary - INFO: create folder eye_hand_data/data20250723
2025-07-23 12:59:06 - libs.auxiliary - INFO: create folder eye_hand_data/data2025072301
2025-07-23 12:59:06 - __main__ - INFO: 开始手眼标定程序，当前程序版号V1.0.0
2025-07-23 13:00:00 - libs.auxiliary - INFO: create folder eye_hand_data/data2025072302
2025-07-23 13:00:00 - __main__ - INFO: 开始手眼标定程序，当前程序版号V1.0.0
2025-07-23 13:03:37 - libs.auxiliary - INFO: create folder eye_hand_data/data20250723
2025-07-23 13:03:38 - __main__ - ERROR: 相机连接异常：Couldn't resolve requests
2025-07-23 13:03:57 - libs.auxiliary - INFO: create folder eye_hand_data/data2025072301
2025-07-23 13:03:57 - __main__ - ERROR: 相机连接异常：Couldn't resolve requests
2025-07-23 13:04:35 - libs.auxiliary - INFO: create folder eye_hand_data/data2025072302
2025-07-23 13:04:35 - __main__ - INFO: 开始手眼标定程序，当前程序版号V1.0.0
2025-07-23 13:06:18 - __main__ - INFO: {'当前位姿为[-0.7890443115234375, -0.1286121978759765, 0.1556550903320312, 1.7602227140744877, 0.823080960715688, 0.11918622093091673]'}
2025-07-23 13:06:18 - __main__ - INFO: ===采集第1次数据！
2025-07-23 13:06:43 - __main__ - INFO: {'当前位姿为[-0.882964111328125, -0.1279533081054687, 0.3721250915527343, 1.6967796921641303, 0.7080003105331294, -0.007793193733736664]'}
2025-07-23 13:06:43 - __main__ - INFO: ===采集第2次数据！
2025-07-23 13:06:56 - __main__ - INFO: {'当前位姿为[-0.874103759765625, -0.1636265563964843, 0.4310345764160156, 1.958363230756928, 0.45392106054946957, 0.031355030860859716]'}
2025-07-23 13:06:56 - __main__ - INFO: ===采集第3次数据！
2025-07-23 13:07:08 - __main__ - INFO: {'当前位姿为[-0.8732365112304687, -0.2358406982421875, 0.3509960021972656, 2.4572225714089364, 0.8173825949312451, 0.4519478246292892]'}
2025-07-23 13:07:08 - __main__ - INFO: ===采集第4次数据！
2025-07-23 13:07:19 - __main__ - INFO: {'当前位姿为[-0.8684889526367188, -0.144050338745117, 0.3293876953125, 1.2218101049126238, 0.3747924525822221, -0.15008365829866283]'}
2025-07-23 13:07:19 - __main__ - INFO: ===采集第5次数据！
2025-07-23 13:07:35 - __main__ - INFO: {'当前位姿为[-0.7018540649414062, -0.2387731018066406, 0.10329140472412099, 1.4624038062159086, 0.5695485575723624, -0.050993634308727206]'}
2025-07-23 13:07:35 - __main__ - INFO: ===采集第6次数据！
2025-07-23 13:07:41 - __main__ - INFO: {'当前位姿为[-0.748879150390625, -0.23001783752441401, 0.156633544921875, 1.0999749458363246, 0.49415230329383353, -0.4345907055142114]'}
2025-07-23 13:07:41 - __main__ - INFO: ===采集第7次数据！
2025-07-23 13:07:50 - __main__ - INFO: {'当前位姿为[-0.7604979858398437, -0.1449989929199218, 0.1289841156005859, 1.7677701126037733, 0.8080419568819559, 0.15428987156909077]'}
2025-07-23 13:07:50 - __main__ - INFO: ===采集第8次数据！
2025-07-23 13:07:58 - __main__ - INFO: {'当前位姿为[-0.8407494506835937, -0.1304860534667968, 0.3254278869628906, 3.126478415455266, 1.4114423545444792, 1.447195824811011]'}
2025-07-23 13:07:58 - __main__ - INFO: ===采集第9次数据！
2025-07-23 13:08:12 - __main__ - INFO: {'当前位姿为[-0.8758994750976562, -0.1469936370849609, 0.3412421875, 2.5908389559364977, 1.3883428941974587, 0.9104573452893975]'}
2025-07-23 13:08:12 - __main__ - INFO: ===采集第10次数据！
2025-07-23 13:08:21 - __main__ - INFO: {'当前位姿为[-0.8491079711914062, -0.2964119873046875, 0.2077382202148437, 0.8831544180568234, 0.7164854080822306, -0.6379712912470052]'}
2025-07-23 13:08:21 - __main__ - INFO: ===采集第11次数据！
2025-07-23 13:08:31 - __main__ - INFO: {'当前位姿为[-0.8961021118164062, -0.2871995849609375, 0.243377471923828, 0.7411873590361792, 0.7684722433523677, -0.9564489388925753]'}
2025-07-23 13:08:31 - __main__ - INFO: ===采集第12次数据！
2025-07-23 13:08:41 - __main__ - INFO: {'当前位姿为[-0.848587158203125, -0.30198492431640617, 0.1565284576416015, 1.6496802235474797, 0.7286814208732759, 0.21451291533970443]'}
2025-07-23 13:08:41 - __main__ - INFO: ===采集第13次数据！
2025-07-23 13:08:54 - __main__ - INFO: {'当前位姿为[-0.8851506958007812, -0.274586944580078, 0.203001724243164, 0.25727086545779465, 1.242865722281063, -1.5500544298028687]'}
2025-07-23 13:08:54 - __main__ - INFO: ===采集第14次数据！
2025-07-23 13:09:04 - __main__ - INFO: {'当前位姿为[-0.8661359252929688, 0.1367506713867187, 0.222382339477539, 2.708251869443696, 1.0981766463102487, 1.033614697267894]'}
2025-07-23 13:09:04 - __main__ - INFO: ===采集第15次数据！
2025-07-23 13:09:12 - __main__ - INFO: {'当前位姿为[-0.823289794921875, 0.1306971435546875, 0.181405319213867, 2.063991390124414, 0.5939413821027798, 0.5039776033720037]'}
2025-07-23 13:09:12 - __main__ - INFO: ===采集第16次数据！
2025-07-23 13:09:21 - __main__ - INFO: {'当前位姿为[-0.8526095581054688, 0.14067530822753901, 0.3409753112792968, 2.713987785799506, 0.9276469182823955, 0.9166127095168977]'}
2025-07-23 13:09:21 - __main__ - INFO: ===采集第17次数据！
2025-07-23 13:09:36 - __main__ - INFO: {'当前位姿为[-0.705918701171875, 0.004476246356964111, 0.1313600769042968, 1.9424637595749923, 0.5216235755968143, 0.46530321131138663]'}
2025-07-23 13:09:36 - __main__ - INFO: ===采集第18次数据！
2025-07-23 13:09:43 - __main__ - INFO: {'当前位姿为[-0.7125863647460937, -0.01163057708740234, 0.09119611358642578, 1.4805316774399688, 0.8156314999354909, -0.5002741782706259]'}
2025-07-23 13:09:43 - __main__ - INFO: ===采集第19次数据！
2025-07-23 13:10:40 - __main__ - INFO: 读 ./eye_hand_data/data2025072302/1.jpg
2025-07-23 13:10:40 - __main__ - INFO: 图片 1 角点检测成功
2025-07-23 13:10:40 - __main__ - INFO: 读 ./eye_hand_data/data2025072302/2.jpg
2025-07-23 13:10:41 - __main__ - INFO: 图片 2 角点检测成功
2025-07-23 13:10:41 - __main__ - INFO: 读 ./eye_hand_data/data2025072302/3.jpg
2025-07-23 13:10:41 - __main__ - INFO: 图片 3 角点检测成功
2025-07-23 13:10:41 - __main__ - INFO: 读 ./eye_hand_data/data2025072302/4.jpg
2025-07-23 13:10:42 - __main__ - INFO: 图片 4 角点检测成功
2025-07-23 13:10:42 - __main__ - INFO: 读 ./eye_hand_data/data2025072302/5.jpg
2025-07-23 13:10:42 - __main__ - INFO: 图片 5 角点检测成功
2025-07-23 13:10:42 - __main__ - INFO: 读 ./eye_hand_data/data2025072302/6.jpg
2025-07-23 13:10:43 - __main__ - INFO: 图片 6 角点检测成功
2025-07-23 13:10:43 - __main__ - INFO: 读 ./eye_hand_data/data2025072302/7.jpg
2025-07-23 13:10:43 - __main__ - INFO: 图片 7 角点检测成功
2025-07-23 13:10:43 - __main__ - INFO: 读 ./eye_hand_data/data2025072302/8.jpg
2025-07-23 13:10:44 - __main__ - INFO: 图片 8 角点检测成功
2025-07-23 13:10:44 - __main__ - INFO: 读 ./eye_hand_data/data2025072302/9.jpg
2025-07-23 13:10:44 - __main__ - INFO: 图片 9 角点检测成功
2025-07-23 13:10:44 - __main__ - INFO: 读 ./eye_hand_data/data2025072302/10.jpg
2025-07-23 13:10:45 - __main__ - INFO: 图片 10 角点检测成功
2025-07-23 13:10:45 - __main__ - INFO: 读 ./eye_hand_data/data2025072302/11.jpg
2025-07-23 13:10:45 - __main__ - INFO: 图片 11 角点检测成功
2025-07-23 13:10:45 - __main__ - INFO: 读 ./eye_hand_data/data2025072302/12.jpg
2025-07-23 13:10:46 - __main__ - INFO: 图片 12 角点检测成功
2025-07-23 13:10:46 - __main__ - INFO: 读 ./eye_hand_data/data2025072302/13.jpg
2025-07-23 13:10:46 - __main__ - INFO: 图片 13 角点检测成功
2025-07-23 13:10:46 - __main__ - INFO: 读 ./eye_hand_data/data2025072302/14.jpg
2025-07-23 13:10:47 - __main__ - INFO: 图片 14 角点检测成功
2025-07-23 13:10:47 - __main__ - INFO: 读 ./eye_hand_data/data2025072302/15.jpg
2025-07-23 13:10:47 - __main__ - INFO: 图片 15 角点检测成功
2025-07-23 13:10:47 - __main__ - INFO: 读 ./eye_hand_data/data2025072302/16.jpg
2025-07-23 13:10:48 - __main__ - INFO: 图片 16 角点检测成功
2025-07-23 13:10:48 - __main__ - INFO: 读 ./eye_hand_data/data2025072302/17.jpg
2025-07-23 13:10:48 - __main__ - INFO: 图片 17 角点检测成功
2025-07-23 13:10:48 - __main__ - INFO: 读 ./eye_hand_data/data2025072302/18.jpg
2025-07-23 13:10:49 - __main__ - INFO: 图片 18 角点检测成功
2025-07-23 13:10:49 - __main__ - INFO: 读 ./eye_hand_data/data2025072302/19.jpg
2025-07-23 13:10:49 - __main__ - INFO: 图片 19 角点检测成功
2025-07-23 13:10:49 - __main__ - INFO: 总共使用 19 张有效图片进行标定
2025-07-23 13:10:49 - __main__ - INFO: 使用手动设置的内参矩阵:
[[654.5703    0.      646.96954]
 [  0.      654.5703  369.22968]
 [  0.        0.        1.     ]]
2025-07-23 13:10:49 - __main__ - INFO: 使用手动设置的畸变系数:
[0. 0. 0. 0. 0.]
2025-07-23 13:10:50 - __main__ - INFO: 使用手动内参的平均重投影误差: 0.050110512702231685
2025-07-23 13:10:50 - __main__ - INFO: TSAI 方法结果 - 一致性误差: 18.586264
2025-07-23 13:10:50 - __main__ - INFO: PARK 方法结果 - 一致性误差: 18.586264
2025-07-23 13:10:50 - __main__ - INFO: HORAUD 方法结果 - 一致性误差: 18.586264
2025-07-23 13:10:50 - __main__ - INFO: ANDREFF 方法结果 - 一致性误差: 18.586264
2025-07-23 13:10:50 - __main__ - INFO: DANIILIDIS 方法结果 - 一致性误差: 18.586264
2025-07-23 13:10:50 - __main__ - INFO: 选择最佳结果: TSAI，一致性误差: 18.586264
2025-07-23 13:10:50 - __main__ - INFO: 旋转矩阵是:
 [[-0.25990729 -0.9310292   0.25618905]
 [-0.96510642  0.25922178 -0.03706305]
 [-0.031903   -0.25688265 -0.96591589]]
2025-07-23 13:10:50 - __main__ - INFO: 平移向量是:
 [[-1.21273251]
 [-0.31406583]
 [ 0.86762693]]
2025-07-23 13:10:50 - __main__ - INFO: 四元数是：
 [-0.60141226  0.78820127 -0.09323307  0.09137642]
2025-07-23 13:10:50 - __main__ - INFO: 欧拉角是：
[177.80258815  14.84405323 105.59767427]
2025-07-23 13:27:06 - libs.auxiliary - INFO: create folder eye_hand_data/data2025072303
2025-07-23 13:27:06 - __main__ - INFO: 开始手眼标定程序，当前程序版号V1.0.0
2025-07-23 13:28:04 - libs.auxiliary - INFO: create folder eye_hand_data/data20250723
2025-07-23 13:28:04 - __main__ - INFO: 开始手眼标定程序，当前程序版号V1.0.0
2025-07-23 13:28:25 - __main__ - INFO: 读 ./eye_hand_data/data2025072302/1.jpg
2025-07-23 13:28:25 - __main__ - INFO: 图片 1 角点检测成功
2025-07-23 13:28:25 - __main__ - INFO: 读 ./eye_hand_data/data2025072302/2.jpg
2025-07-23 13:28:26 - __main__ - INFO: 图片 2 角点检测成功
2025-07-23 13:28:26 - __main__ - INFO: 读 ./eye_hand_data/data2025072302/3.jpg
2025-07-23 13:28:26 - __main__ - INFO: 图片 3 角点检测成功
2025-07-23 13:28:26 - __main__ - INFO: 读 ./eye_hand_data/data2025072302/4.jpg
2025-07-23 13:28:27 - __main__ - INFO: 图片 4 角点检测成功
2025-07-23 13:28:27 - __main__ - INFO: 读 ./eye_hand_data/data2025072302/5.jpg
2025-07-23 13:28:27 - __main__ - INFO: 图片 5 角点检测成功
2025-07-23 13:28:27 - __main__ - INFO: 读 ./eye_hand_data/data2025072302/6.jpg
2025-07-23 13:28:28 - __main__ - INFO: 图片 6 角点检测成功
2025-07-23 13:28:28 - __main__ - INFO: 读 ./eye_hand_data/data2025072302/7.jpg
2025-07-23 13:28:28 - __main__ - INFO: 图片 7 角点检测成功
2025-07-23 13:28:28 - __main__ - INFO: 读 ./eye_hand_data/data2025072302/8.jpg
2025-07-23 13:28:28 - __main__ - INFO: 图片 8 角点检测成功
2025-07-23 13:28:28 - __main__ - INFO: 读 ./eye_hand_data/data2025072302/9.jpg
2025-07-23 13:28:29 - __main__ - INFO: 图片 9 角点检测成功
2025-07-23 13:28:29 - __main__ - INFO: 读 ./eye_hand_data/data2025072302/10.jpg
2025-07-23 13:28:29 - __main__ - INFO: 图片 10 角点检测成功
2025-07-23 13:28:29 - __main__ - INFO: 读 ./eye_hand_data/data2025072302/11.jpg
2025-07-23 13:28:30 - __main__ - INFO: 图片 11 角点检测成功
2025-07-23 13:28:30 - __main__ - INFO: 读 ./eye_hand_data/data2025072302/12.jpg
2025-07-23 13:28:30 - __main__ - INFO: 图片 12 角点检测成功
2025-07-23 13:28:30 - __main__ - INFO: 读 ./eye_hand_data/data2025072302/13.jpg
2025-07-23 13:28:31 - __main__ - INFO: 图片 13 角点检测成功
2025-07-23 13:28:31 - __main__ - INFO: 读 ./eye_hand_data/data2025072302/14.jpg
2025-07-23 13:28:31 - __main__ - INFO: 图片 14 角点检测成功
2025-07-23 13:28:31 - __main__ - INFO: 读 ./eye_hand_data/data2025072302/15.jpg
2025-07-23 13:28:32 - __main__ - INFO: 图片 15 角点检测成功
2025-07-23 13:28:32 - __main__ - INFO: 读 ./eye_hand_data/data2025072302/16.jpg
2025-07-23 13:28:32 - __main__ - INFO: 图片 16 角点检测成功
2025-07-23 13:28:32 - __main__ - INFO: 读 ./eye_hand_data/data2025072302/17.jpg
2025-07-23 13:28:33 - __main__ - INFO: 图片 17 角点检测成功
2025-07-23 13:28:33 - __main__ - INFO: 读 ./eye_hand_data/data2025072302/18.jpg
2025-07-23 13:28:33 - __main__ - INFO: 图片 18 角点检测成功
2025-07-23 13:28:33 - __main__ - INFO: 读 ./eye_hand_data/data2025072302/19.jpg
2025-07-23 13:28:34 - __main__ - INFO: 图片 19 角点检测成功
2025-07-23 13:28:34 - __main__ - INFO: 总共使用 19 张有效图片进行标定
2025-07-23 13:28:34 - __main__ - INFO: 使用手动设置的内参矩阵:
[[654.5703    0.      646.96954]
 [  0.      654.5703  369.22968]
 [  0.        0.        1.     ]]
2025-07-23 13:28:34 - __main__ - INFO: 使用手动设置的畸变系数:
[0. 0. 0. 0. 0.]
2025-07-23 13:28:34 - __main__ - INFO: 使用手动内参的平均重投影误差: 0.050110512702231685
2025-07-23 13:28:34 - __main__ - INFO: TSAI 方法结果 - 一致性误差: 18.586264
2025-07-23 13:28:34 - __main__ - INFO: PARK 方法结果 - 一致性误差: 18.586264
2025-07-23 13:28:34 - __main__ - INFO: HORAUD 方法结果 - 一致性误差: 18.586264
2025-07-23 13:28:34 - __main__ - INFO: ANDREFF 方法结果 - 一致性误差: 18.586264
2025-07-23 13:28:34 - __main__ - INFO: DANIILIDIS 方法结果 - 一致性误差: 18.586264
2025-07-23 13:28:34 - __main__ - INFO: 选择最佳结果: TSAI，一致性误差: 18.586264
2025-07-23 13:28:34 - __main__ - INFO: 旋转矩阵是:
 [[-0.25990729 -0.9310292   0.25618905]
 [-0.96510642  0.25922178 -0.03706305]
 [-0.031903   -0.25688265 -0.96591589]]
2025-07-23 13:28:34 - __main__ - INFO: 平移向量是:
 [[-1.21273251]
 [-0.31406583]
 [ 0.86762693]]
2025-07-23 13:28:34 - __main__ - INFO: 四元数是：
 [-0.60141226  0.78820127 -0.09323307  0.09137642]
2025-07-23 13:28:34 - __main__ - INFO: 欧拉角是：
[177.80258815  14.84405323 105.59767427]
2025-07-23 14:00:32 - __main__ - INFO: 读 ./eye_hand_data/data2025072302/1.jpg
2025-07-23 14:00:33 - __main__ - INFO: 图片 1 角点检测成功
2025-07-23 14:00:33 - __main__ - INFO: 读 ./eye_hand_data/data2025072302/2.jpg
2025-07-23 14:00:33 - __main__ - INFO: 图片 2 角点检测成功
2025-07-23 14:00:33 - __main__ - INFO: 读 ./eye_hand_data/data2025072302/3.jpg
2025-07-23 14:00:34 - __main__ - INFO: 图片 3 角点检测成功
2025-07-23 14:00:34 - __main__ - INFO: 读 ./eye_hand_data/data2025072302/4.jpg
2025-07-23 14:00:34 - __main__ - INFO: 图片 4 角点检测成功
2025-07-23 14:00:34 - __main__ - INFO: 读 ./eye_hand_data/data2025072302/5.jpg
2025-07-23 14:00:35 - __main__ - INFO: 图片 5 角点检测成功
2025-07-23 14:00:35 - __main__ - INFO: 读 ./eye_hand_data/data2025072302/6.jpg
2025-07-23 14:00:35 - __main__ - INFO: 图片 6 角点检测成功
2025-07-23 14:00:35 - __main__ - INFO: 读 ./eye_hand_data/data2025072302/7.jpg
2025-07-23 14:00:36 - __main__ - INFO: 图片 7 角点检测成功
2025-07-23 14:00:36 - __main__ - INFO: 读 ./eye_hand_data/data2025072302/8.jpg
2025-07-23 14:00:36 - __main__ - INFO: 图片 8 角点检测成功
2025-07-23 14:00:36 - __main__ - INFO: 读 ./eye_hand_data/data2025072302/9.jpg
2025-07-23 14:00:37 - __main__ - INFO: 图片 9 角点检测成功
2025-07-23 14:00:37 - __main__ - INFO: 读 ./eye_hand_data/data2025072302/10.jpg
2025-07-23 14:00:37 - __main__ - INFO: 图片 10 角点检测成功
2025-07-23 14:00:37 - __main__ - INFO: 读 ./eye_hand_data/data2025072302/11.jpg
2025-07-23 14:00:38 - __main__ - INFO: 图片 11 角点检测成功
2025-07-23 14:00:38 - __main__ - INFO: 读 ./eye_hand_data/data2025072302/12.jpg
2025-07-23 14:00:38 - __main__ - INFO: 图片 12 角点检测成功
2025-07-23 14:00:38 - __main__ - INFO: 读 ./eye_hand_data/data2025072302/13.jpg
2025-07-23 14:00:39 - __main__ - INFO: 图片 13 角点检测成功
2025-07-23 14:00:39 - __main__ - INFO: 读 ./eye_hand_data/data2025072302/14.jpg
2025-07-23 14:00:39 - __main__ - INFO: 图片 14 角点检测成功
2025-07-23 14:00:39 - __main__ - INFO: 读 ./eye_hand_data/data2025072302/15.jpg
2025-07-23 14:00:40 - __main__ - INFO: 图片 15 角点检测成功
2025-07-23 14:00:40 - __main__ - INFO: 读 ./eye_hand_data/data2025072302/16.jpg
2025-07-23 14:00:40 - __main__ - INFO: 图片 16 角点检测成功
2025-07-23 14:00:40 - __main__ - INFO: 读 ./eye_hand_data/data2025072302/17.jpg
2025-07-23 14:00:41 - __main__ - INFO: 图片 17 角点检测成功
2025-07-23 14:00:41 - __main__ - INFO: 读 ./eye_hand_data/data2025072302/18.jpg
2025-07-23 14:00:41 - __main__ - INFO: 图片 18 角点检测成功
2025-07-23 14:00:41 - __main__ - INFO: 读 ./eye_hand_data/data2025072302/19.jpg
2025-07-23 14:00:42 - __main__ - INFO: 图片 19 角点检测成功
2025-07-23 14:00:42 - __main__ - INFO: 总共使用 19 张有效图片进行标定
2025-07-23 14:00:42 - __main__ - INFO: 使用手动设置的内参矩阵:
[[654.5703    0.      646.96954]
 [  0.      654.5703  369.22968]
 [  0.        0.        1.     ]]
2025-07-23 14:00:42 - __main__ - INFO: 使用手动设置的畸变系数:
[0. 0. 0. 0. 0.]
2025-07-23 14:00:42 - __main__ - INFO: 使用手动内参的平均重投影误差: 0.050110512702231685
2025-07-23 14:00:42 - __main__ - INFO: TSAI 方法结果 - 一致性误差: 18.586264
2025-07-23 14:00:42 - __main__ - INFO: PARK 方法结果 - 一致性误差: 18.586264
2025-07-23 14:00:42 - __main__ - INFO: HORAUD 方法结果 - 一致性误差: 18.586264
2025-07-23 14:00:42 - __main__ - INFO: ANDREFF 方法结果 - 一致性误差: 18.586264
2025-07-23 14:00:42 - __main__ - INFO: DANIILIDIS 方法结果 - 一致性误差: 18.586264
2025-07-23 14:00:42 - __main__ - INFO: 选择最佳结果: TSAI，一致性误差: 18.586264
2025-07-23 14:00:42 - __main__ - INFO: 旋转矩阵是:
 [[-0.25990729 -0.9310292   0.25618905]
 [-0.96510642  0.25922178 -0.03706305]
 [-0.031903   -0.25688265 -0.96591589]]
2025-07-23 14:00:42 - __main__ - INFO: 平移向量是:
 [[-1.21273251]
 [-0.31406583]
 [ 0.86762693]]
2025-07-23 14:00:42 - __main__ - INFO: 四元数是：
 [-0.60141226  0.78820127 -0.09323307  0.09137642]
2025-07-23 14:00:42 - __main__ - INFO: 欧拉角是：
[177.80258815  14.84405323 105.59767427]
2025-07-23 14:12:32 - __main__ - INFO: 读 ./eye_hand_data/data2025072302/1.jpg
2025-07-23 14:12:33 - __main__ - INFO: 图片 1 角点检测成功
2025-07-23 14:12:33 - __main__ - INFO: 读 ./eye_hand_data/data2025072302/2.jpg
2025-07-23 14:12:33 - __main__ - INFO: 图片 2 角点检测成功
2025-07-23 14:12:33 - __main__ - INFO: 读 ./eye_hand_data/data2025072302/3.jpg
2025-07-23 14:12:34 - __main__ - INFO: 图片 3 角点检测成功
2025-07-23 14:12:34 - __main__ - INFO: 读 ./eye_hand_data/data2025072302/4.jpg
2025-07-23 14:27:45 - __main__ - INFO: 读 ./eye_hand_data/data2025072302/1.jpg
2025-07-23 14:27:45 - __main__ - INFO: 图片 1 角点检测成功
2025-07-23 14:27:45 - __main__ - INFO: 读 ./eye_hand_data/data2025072302/2.jpg
2025-07-23 14:27:46 - __main__ - INFO: 图片 2 角点检测成功
2025-07-23 14:27:46 - __main__ - INFO: 读 ./eye_hand_data/data2025072302/3.jpg
2025-07-23 14:27:46 - __main__ - INFO: 图片 3 角点检测成功
2025-07-23 14:27:46 - __main__ - INFO: 读 ./eye_hand_data/data2025072302/4.jpg
2025-07-23 14:27:49 - libs.auxiliary - INFO: create folder eye_hand_data/data20250723
2025-07-23 14:27:50 - __main__ - ERROR: 相机连接异常：Couldn't resolve requests
2025-07-23 14:28:01 - libs.auxiliary - INFO: create folder eye_hand_data/data2025072301
2025-07-23 14:28:01 - __main__ - INFO: 开始手眼标定程序，当前程序版号V1.0.0
2025-07-23 14:29:34 - libs.auxiliary - INFO: create folder eye_hand_data/data2025072303
2025-07-23 14:29:34 - __main__ - INFO: 开始手眼标定程序，当前程序版号V1.0.0
