2025-07-22 10:34:24 - __main__ - INFO: 读 ./eye_hand_data/data2025072106/1.jpg
2025-07-22 10:35:26 - __main__ - INFO: 读 ./eye_hand_data/data2025072106/1.jpg
2025-07-22 10:35:35 - __main__ - INFO: 图片 1 角点检测成功
2025-07-22 10:35:35 - __main__ - INFO: 读 ./eye_hand_data/data2025072106/2.jpg
2025-07-22 10:35:36 - __main__ - INFO: 图片 2 角点检测成功
2025-07-22 10:35:36 - __main__ - INFO: 读 ./eye_hand_data/data2025072106/3.jpg
2025-07-22 10:35:36 - __main__ - INFO: 图片 3 角点检测成功
2025-07-22 10:35:36 - __main__ - INFO: 读 ./eye_hand_data/data2025072106/4.jpg
2025-07-22 10:35:39 - __main__ - INFO: 图片 4 角点检测成功
2025-07-22 10:35:39 - __main__ - INFO: 读 ./eye_hand_data/data2025072106/5.jpg
2025-07-22 10:35:44 - __main__ - INFO: 图片 5 角点检测成功
2025-07-22 10:35:44 - __main__ - INFO: 读 ./eye_hand_data/data2025072106/6.jpg
2025-07-22 10:35:50 - __main__ - INFO: 图片 6 角点检测成功
2025-07-22 10:35:50 - __main__ - INFO: 读 ./eye_hand_data/data2025072106/7.jpg
2025-07-22 10:35:57 - __main__ - INFO: 图片 7 角点检测成功
2025-07-22 10:35:57 - __main__ - INFO: 读 ./eye_hand_data/data2025072106/8.jpg
2025-07-22 10:36:03 - __main__ - INFO: 图片 8 角点检测成功
2025-07-22 10:36:03 - __main__ - INFO: 读 ./eye_hand_data/data2025072106/9.jpg
2025-07-22 10:36:06 - __main__ - INFO: 图片 9 角点检测成功
2025-07-22 10:36:06 - __main__ - INFO: 读 ./eye_hand_data/data2025072106/10.jpg
2025-07-22 10:36:09 - __main__ - INFO: 图片 10 角点检测成功
2025-07-22 10:36:09 - __main__ - INFO: 读 ./eye_hand_data/data2025072106/11.jpg
2025-07-22 10:36:10 - __main__ - INFO: 图片 11 角点检测成功
2025-07-22 10:36:10 - __main__ - INFO: 读 ./eye_hand_data/data2025072106/12.jpg
2025-07-22 10:36:11 - __main__ - INFO: 图片 12 角点检测成功
2025-07-22 10:36:11 - __main__ - INFO: 读 ./eye_hand_data/data2025072106/13.jpg
2025-07-22 10:36:14 - __main__ - INFO: 图片 13 角点检测成功
2025-07-22 10:36:14 - __main__ - INFO: 读 ./eye_hand_data/data2025072106/14.jpg
2025-07-22 10:36:16 - __main__ - INFO: 图片 14 角点检测成功
2025-07-22 10:36:16 - __main__ - INFO: 读 ./eye_hand_data/data2025072106/15.jpg
2025-07-22 10:36:18 - __main__ - INFO: 图片 15 角点检测成功
2025-07-22 10:36:18 - __main__ - INFO: 读 ./eye_hand_data/data2025072106/16.jpg
2025-07-22 10:36:19 - __main__ - INFO: 图片 16 角点检测成功
2025-07-22 10:36:19 - __main__ - INFO: 读 ./eye_hand_data/data2025072106/17.jpg
2025-07-22 10:36:21 - __main__ - INFO: 图片 17 角点检测成功
2025-07-22 10:36:21 - __main__ - INFO: 读 ./eye_hand_data/data2025072106/18.jpg
2025-07-22 10:36:24 - __main__ - INFO: 图片 18 角点检测成功
2025-07-22 10:36:24 - __main__ - INFO: 读 ./eye_hand_data/data2025072106/19.jpg
2025-07-22 10:36:26 - __main__ - INFO: 图片 19 角点检测成功
2025-07-22 10:36:26 - __main__ - INFO: 总共使用 19 张有效图片进行标定
2025-07-22 10:36:26 - __main__ - INFO: 使用手动设置的内参矩阵:
[[654.5703    0.      646.96954]
 [  0.      654.5703  369.22968]
 [  0.        0.        1.     ]]
2025-07-22 10:36:26 - __main__ - INFO: 使用手动设置的畸变系数:
[0. 0. 0. 0. 0.]
2025-07-22 10:36:26 - __main__ - INFO: 使用手动内参的平均重投影误差: 0.05585435940090477
2025-07-22 10:36:26 - __main__ - INFO: TSAI 方法结果 - 一致性误差: 21.672689
2025-07-22 10:36:26 - __main__ - INFO: PARK 方法结果 - 一致性误差: 21.672689
2025-07-22 10:36:26 - __main__ - INFO: HORAUD 方法结果 - 一致性误差: 21.672689
2025-07-22 10:36:26 - __main__ - INFO: ANDREFF 方法结果 - 一致性误差: 21.672689
2025-07-22 10:36:26 - __main__ - INFO: DANIILIDIS 方法结果 - 一致性误差: 21.672689
2025-07-22 10:36:26 - __main__ - INFO: 选择最佳结果: TSAI，一致性误差: 21.672689
2025-07-22 10:36:26 - __main__ - INFO: 旋转矩阵是:
 [[ 0.82459931  0.01672032 -0.56547008]
 [-0.13725314  0.97561114 -0.17130228]
 [ 0.54881468  0.21886829  0.80678319]]
2025-07-22 10:36:26 - __main__ - INFO: 平移向量是:
 [[-0.36412016]
 [-0.51709273]
 [ 0.44581925]]
2025-07-22 10:36:26 - __main__ - INFO: 四元数是：
 [ 0.10271925 -0.29335501 -0.04053621  0.94960435]
2025-07-22 10:36:26 - __main__ - INFO: 欧拉角是：
[ 11.987444   -34.4349406   -1.16162187]
2025-07-22 10:48:11 - libs.auxiliary - INFO: create folder eye_hand_data/data20250722
2025-07-22 10:48:11 - __main__ - INFO: 开始手眼标定程序，当前程序版号V1.0.0
2025-07-22 10:49:00 - __main__ - INFO: {'当前位姿为[-0.7361605224609375, 0.14297111511230468, 0.349669677734375, 1.5383042967573304, 1.379015039321402, -0.49875338013013587]'}
2025-07-22 10:49:00 - __main__ - INFO: ===采集第1次数据！
2025-07-22 10:49:24 - __main__ - INFO: {'当前位姿为[-0.6752109985351562, 0.29913528442382803, 0.3647137451171875, 1.55480550918757, 1.2630687286265132, -0.7118029716746264]'}
2025-07-22 10:49:24 - __main__ - INFO: ===采集第2次数据！
2025-07-22 10:49:39 - __main__ - INFO: {'当前位姿为[-0.705544677734375, -0.01613440895080566, 0.2833878479003906, 1.5617323911828664, 1.00514590468911, -0.2794214914426901]'}
2025-07-22 10:49:39 - __main__ - INFO: ===采集第3次数据！
2025-07-22 10:49:50 - __main__ - INFO: {'当前位姿为[-0.7696610717773438, 0.218835739135742, 0.46723757934570304, 1.5120290168103905, 1.465727031782164, -0.5923679199517337]'}
2025-07-22 10:49:50 - __main__ - INFO: ===采集第4次数据！
2025-07-22 10:50:11 - __main__ - INFO: {'当前位姿为[-0.7631209716796875, 0.24004220581054678, 0.4890648193359375, -1.5910936090429353, 1.2908506919601652, 2.5633290345082]'}
2025-07-22 10:50:11 - __main__ - INFO: ===采集第5次数据！
2025-07-22 10:50:24 - __main__ - INFO: {'当前位姿为[-0.743051025390625, 0.277953155517578, 0.4277489929199218, -2.6483555123150504, 1.1387670163276098, 1.607263923707733]'}
2025-07-22 10:50:24 - __main__ - INFO: ===采集第6次数据！
2025-07-22 10:52:34 - libs.auxiliary - INFO: create folder eye_hand_data/data20250722
2025-07-22 10:52:34 - __main__ - INFO: 开始手眼标定程序，当前程序版号V1.0.0
2025-07-22 10:52:47 - __main__ - INFO: {'当前位姿为[-0.797133056640625, 0.08286854553222656, 0.452696075439453, -2.5341136247178135, 1.0980508119487424, 1.9668083808896792]'}
2025-07-22 10:52:48 - __main__ - INFO: ===采集第1次数据！
2025-07-22 10:53:01 - __main__ - INFO: {'当前位姿为[-0.7688501586914063, 0.28852633666992183, 0.4493931274414062, -1.7816061665731147, 1.3148923787008555, 2.3435846887469287]'}
2025-07-22 10:53:01 - __main__ - INFO: ===采集第2次数据！
2025-07-22 10:53:26 - __main__ - INFO: {'当前位姿为[-0.7583985595703125, 0.3024472045898437, 0.47951211547851563, 1.7291365667763752, 1.2288606907405544, -0.46340434416464643]'}
2025-07-22 10:53:26 - __main__ - INFO: ===采集第3次数据！
2025-07-22 10:53:48 - __main__ - INFO: {'当前位姿为[-0.8206970825195312, 0.116685234069824, 0.506704833984375, 1.0256989835598513, 1.1826656316300943, -0.9545014357664277]'}
2025-07-22 10:53:48 - __main__ - INFO: ===采集第4次数据！
2025-07-22 10:54:17 - __main__ - INFO: {'当前位姿为[-0.763048095703125, 0.1708324737548828, 0.455603790283203, 2.1978151017428407, 1.464317420617185, 0.17085140459802103]'}
2025-07-22 10:54:17 - __main__ - INFO: ===采集第5次数据！
2025-07-22 10:54:28 - __main__ - INFO: {'当前位姿为[-0.826622314453125, 0.0033352699279785153, 0.3915733032226562, 0.8022801412845424, 1.2670240554774987, -1.1184858462041656]'}
2025-07-22 10:54:28 - __main__ - INFO: ===采集第6次数据！
2025-07-22 10:55:10 - libs.auxiliary - INFO: create folder eye_hand_data/data2025072201
2025-07-22 10:55:10 - __main__ - INFO: 开始手眼标定程序，当前程序版号V1.0.0
2025-07-22 10:55:27 - libs.auxiliary - INFO: create folder eye_hand_data/data2025072201
2025-07-22 10:55:27 - __main__ - INFO: 开始手眼标定程序，当前程序版号V1.0.0
2025-07-22 10:55:31 - __main__ - INFO: {'当前位姿为[-0.7917813110351563, 0.2342736206054687, 0.388291290283203, -0.8307171090882994, 1.2955919176488333, -3.0632802712071396]'}
2025-07-22 10:55:31 - __main__ - INFO: ===采集第1次数据！
2025-07-22 10:56:39 - __main__ - INFO: {'当前位姿为[-0.8726381225585937, 0.057421566009521474, 0.4416832580566406, -0.014280715526710435, 1.0673500240603635, -1.9041884089142096]'}
2025-07-22 10:56:39 - __main__ - INFO: ===采集第2次数据！
2025-07-22 10:57:05 - __main__ - INFO: {'当前位姿为[-0.8091738891601562, 0.17945639038085928, 0.5221747436523437, 1.177479391723274, 1.2949061536681379, -0.8471129934974267]'}
2025-07-22 10:57:05 - __main__ - INFO: ===采集第3次数据！
2025-07-22 10:57:22 - __main__ - INFO: {'当前位姿为[-0.8529715576171875, 0.1396905975341797, 0.452742462158203, -0.7302285843085575, 1.1764338346793088, -2.775864469514737]'}
2025-07-22 10:57:22 - __main__ - INFO: ===采集第4次数据！
2025-07-22 10:59:34 - libs.auxiliary - INFO: create folder eye_hand_data/data20250722
2025-07-22 10:59:35 - __main__ - INFO: 开始手眼标定程序，当前程序版号V1.0.0
2025-07-22 10:59:51 - __main__ - INFO: {'当前位姿为[-0.83718798828125, 0.17689971923828118, 0.4390967407226562, 1.7057839729677429, 1.339854187598168, -0.3117388514022608]'}
2025-07-22 10:59:51 - __main__ - INFO: ===采集第1次数据！
2025-07-22 11:00:01 - __main__ - INFO: {'当前位姿为[-0.7865328369140625, 0.3243211975097656, 0.4659788208007812, 2.8982742721752452, 1.4360024255913535, 0.7001905240574444]'}
2025-07-22 11:00:01 - __main__ - INFO: ===采集第2次数据！
2025-07-22 11:00:11 - __main__ - INFO: {'当前位姿为[-0.731277587890625, 0.2916866149902343, 0.4991361389160156, 2.551908334489505, 1.0418971948370674, 0.42237352059250005]'}
2025-07-22 11:00:11 - __main__ - INFO: ===采集第3次数据！
2025-07-22 11:00:19 - __main__ - INFO: {'当前位姿为[-0.8138809814453125, 0.09968878173828125, 0.4631273803710937, 2.062571259473129, 1.1597352820122941, 0.16129290332680632]'}
2025-07-22 11:00:19 - __main__ - INFO: ===采集第4次数据！
2025-07-22 11:00:33 - libs.auxiliary - INFO: create folder eye_hand_data/data2025072201
2025-07-22 11:00:34 - __main__ - ERROR: 相机连接异常：Couldn't resolve requests
2025-07-22 11:00:43 - libs.auxiliary - INFO: create folder eye_hand_data/data2025072201
2025-07-22 11:00:43 - __main__ - ERROR: 相机连接异常：Couldn't resolve requests
2025-07-22 11:01:24 - libs.auxiliary - INFO: create folder eye_hand_data/data2025072201
2025-07-22 11:01:24 - __main__ - INFO: 开始手眼标定程序，当前程序版号V1.0.0
2025-07-22 11:01:36 - __main__ - INFO: {'当前位姿为[-0.8276660766601562, 0.08448841857910157, 0.4889889526367187, 1.3018876304657807, 1.191966988053305, -0.6349510668337736]'}
2025-07-22 11:01:36 - __main__ - INFO: ===采集第1次数据！
2025-07-22 11:01:53 - __main__ - INFO: {'当前位姿为[-0.8110100708007812, 0.122990478515625, 0.5070554809570312, 1.2683298033599646, 1.1941855343993957, -0.7224123396672293]'}
2025-07-22 11:01:53 - __main__ - INFO: ===采集第2次数据！
2025-07-22 11:02:02 - __main__ - INFO: {'当前位姿为[-0.8376858520507813, 0.199221206665039, 0.4571185302734375, -0.9016237731116591, 1.3207433436157594, -2.9746366880077413]'}
2025-07-22 11:02:02 - __main__ - INFO: ===采集第3次数据！
2025-07-22 11:02:17 - __main__ - INFO: {'当前位姿为[-0.8602059936523437, 0.09057209014892578, 0.468512939453125, -0.16138621383349996, 1.1507292701539729, -2.134850117248151]'}
2025-07-22 11:02:17 - __main__ - INFO: ===采集第4次数据！
2025-07-22 11:02:33 - __main__ - INFO: {'当前位姿为[-0.7893596801757813, 0.25217411804199197, 0.46013763427734367, 1.0980907593650937, 1.338284387293621, -1.0632666657399723]'}
2025-07-22 11:02:33 - __main__ - INFO: ===采集第5次数据！
2025-07-22 11:02:40 - __main__ - INFO: {'当前位姿为[-0.7537265014648438, 0.2570252075195312, 0.4770286560058593, 1.7719765755455537, 1.2704612643384094, -0.3594682241957424]'}
2025-07-22 11:02:40 - __main__ - INFO: ===采集第6次数据！
2025-07-22 11:02:52 - __main__ - INFO: {'当前位姿为[-0.7375414428710938, 0.3163185119628906, 0.4431718444824218, 2.0870575609578093, 1.2061508508610124, -0.06547309135267668]'}
2025-07-22 11:02:52 - __main__ - INFO: ===采集第7次数据！
2025-07-22 11:02:58 - __main__ - INFO: {'当前位姿为[-0.7211450805664062, 0.327731201171875, 0.4218183288574218, 3.055620753595964, 1.211307795995842, 1.0270006701216547]'}
2025-07-22 11:02:58 - __main__ - INFO: ===采集第8次数据！
2025-07-22 11:03:11 - __main__ - INFO: {'当前位姿为[-0.8159232177734375, 0.135061065673828, 0.4011863403320312, 2.885020252062142, 1.253788144859805, 1.0186515269462015]'}
2025-07-22 11:03:11 - __main__ - INFO: ===采集第9次数据！
2025-07-22 11:03:17 - __main__ - INFO: {'当前位姿为[-0.8037011108398437, 0.17437643432617178, 0.49765371704101563, -2.7378193491301914, 1.2849588475225284, 1.5813051604563493]'}
2025-07-22 11:03:17 - __main__ - INFO: ===采集第10次数据！
2025-07-22 11:03:27 - __main__ - INFO: {'当前位姿为[-0.7748860473632813, 0.27287841796875, 0.4802527465820312, -2.903790744057239, 1.1900214157189477, 1.32359811914627]'}
2025-07-22 11:03:27 - __main__ - INFO: ===采集第11次数据！
2025-07-22 11:03:33 - __main__ - INFO: {'当前位姿为[-0.7857730712890625, 0.2705390625, 0.5085540466308593, -2.1643932290106744, 1.032470869579705, 2.04196411843226]'}
2025-07-22 11:03:33 - __main__ - INFO: ===采集第12次数据！
2025-07-22 11:03:40 - __main__ - INFO: {'当前位姿为[-0.8458342895507812, 0.1584910278320312, 0.4629990844726562, -2.0224825624261125, 0.8668815716900574, 2.312687492728156]'}
2025-07-22 11:03:40 - __main__ - INFO: ===采集第13次数据！
2025-07-22 11:03:56 - __main__ - INFO: {'当前位姿为[-0.8606466064453125, 0.1991728515625, 0.46877871704101565, -2.5265827377872876, 0.9715302869876397, 1.6379131794290187]'}
2025-07-22 11:03:56 - __main__ - INFO: ===采集第14次数据！
2025-07-22 11:04:08 - __main__ - INFO: {'当前位姿为[-0.8206088256835937, 0.17150471496582032, 0.5847081909179688, -2.1125634536658247, 0.9787935262286127, 2.0585661315097594]'}
2025-07-22 11:04:08 - __main__ - INFO: ===采集第15次数据！
2025-07-22 11:04:18 - __main__ - INFO: {'当前位姿为[-0.8793671875, 0.10066600799560539, 0.4791564331054687, -1.5867794212350617, 1.2468551375940018, 2.780305556948552]'}
2025-07-22 11:04:18 - __main__ - INFO: ===采集第16次数据！
2025-07-22 11:04:27 - __main__ - INFO: {'当前位姿为[-0.8668197021484375, 0.1812760009765625, 0.4778627319335937, 1.5862782143179088, 1.1385442429024246, -0.4246308492219648]'}
2025-07-22 11:04:27 - __main__ - INFO: ===采集第17次数据！
2025-07-22 11:05:16 - __main__ - INFO: {'当前位姿为[-0.8055362548828126, 0.3241709594726562, 0.450842315673828, -1.585229062006472, 1.2137416589160654, 2.5099949726216195]'}
2025-07-22 11:05:16 - __main__ - INFO: ===采集第18次数据！
2025-07-22 11:06:18 - libs.auxiliary - INFO: create folder eye_hand_data/data2025072202
2025-07-22 11:06:18 - __main__ - INFO: 开始手眼标定程序，当前程序版号V1.0.0
2025-07-22 11:06:33 - __main__ - INFO: 读 ./eye_hand_data/data2025072201/1.jpg
2025-07-22 11:06:33 - __main__ - INFO: 图片 1 未检测到角点
2025-07-22 11:06:33 - __main__ - INFO: 读 ./eye_hand_data/data2025072201/2.jpg
2025-07-22 11:06:33 - __main__ - INFO: 图片 2 未检测到角点
2025-07-22 11:06:33 - __main__ - INFO: 读 ./eye_hand_data/data2025072201/3.jpg
2025-07-22 11:06:33 - __main__ - INFO: 图片 3 未检测到角点
2025-07-22 11:06:33 - __main__ - INFO: 读 ./eye_hand_data/data2025072201/4.jpg
2025-07-22 11:06:33 - __main__ - INFO: 图片 4 未检测到角点
2025-07-22 11:06:33 - __main__ - INFO: 读 ./eye_hand_data/data2025072201/5.jpg
2025-07-22 11:06:33 - __main__ - INFO: 图片 5 未检测到角点
2025-07-22 11:06:33 - __main__ - INFO: 读 ./eye_hand_data/data2025072201/6.jpg
2025-07-22 11:06:34 - __main__ - INFO: 图片 6 未检测到角点
2025-07-22 11:06:34 - __main__ - INFO: 读 ./eye_hand_data/data2025072201/7.jpg
2025-07-22 11:06:34 - __main__ - INFO: 图片 7 未检测到角点
2025-07-22 11:06:34 - __main__ - INFO: 读 ./eye_hand_data/data2025072201/8.jpg
2025-07-22 11:06:34 - __main__ - INFO: 图片 8 未检测到角点
2025-07-22 11:06:34 - __main__ - INFO: 读 ./eye_hand_data/data2025072201/9.jpg
2025-07-22 11:06:34 - __main__ - INFO: 图片 9 未检测到角点
2025-07-22 11:06:34 - __main__ - INFO: 读 ./eye_hand_data/data2025072201/10.jpg
2025-07-22 11:06:34 - __main__ - INFO: 图片 10 未检测到角点
2025-07-22 11:06:34 - __main__ - INFO: 读 ./eye_hand_data/data2025072201/11.jpg
2025-07-22 11:06:34 - __main__ - INFO: 图片 11 未检测到角点
2025-07-22 11:06:34 - __main__ - INFO: 读 ./eye_hand_data/data2025072201/12.jpg
2025-07-22 11:06:34 - __main__ - INFO: 图片 12 未检测到角点
2025-07-22 11:06:34 - __main__ - INFO: 读 ./eye_hand_data/data2025072201/13.jpg
2025-07-22 11:06:35 - __main__ - INFO: 图片 13 未检测到角点
2025-07-22 11:06:35 - __main__ - INFO: 读 ./eye_hand_data/data2025072201/14.jpg
2025-07-22 11:06:35 - __main__ - INFO: 图片 14 未检测到角点
2025-07-22 11:06:35 - __main__ - INFO: 读 ./eye_hand_data/data2025072201/15.jpg
2025-07-22 11:06:35 - __main__ - INFO: 图片 15 未检测到角点
2025-07-22 11:06:35 - __main__ - INFO: 读 ./eye_hand_data/data2025072201/16.jpg
2025-07-22 11:06:35 - __main__ - INFO: 图片 16 未检测到角点
2025-07-22 11:06:35 - __main__ - INFO: 读 ./eye_hand_data/data2025072201/17.jpg
2025-07-22 11:06:35 - __main__ - INFO: 图片 17 未检测到角点
2025-07-22 11:06:35 - __main__ - INFO: 读 ./eye_hand_data/data2025072201/18.jpg
2025-07-22 11:06:35 - __main__ - INFO: 图片 18 未检测到角点
2025-07-22 11:06:35 - __main__ - INFO: 有效图片数量过少: 0，建议至少10张
2025-07-22 11:07:09 - __main__ - INFO: 读 ./eye_hand_data/data2025072201/1.jpg
2025-07-22 11:07:10 - __main__ - INFO: 图片 1 角点检测成功
2025-07-22 11:07:10 - __main__ - INFO: 读 ./eye_hand_data/data2025072201/2.jpg
2025-07-22 11:07:10 - __main__ - INFO: 图片 2 角点检测成功
2025-07-22 11:07:10 - __main__ - INFO: 读 ./eye_hand_data/data2025072201/3.jpg
2025-07-22 11:07:11 - __main__ - INFO: 图片 3 角点检测成功
2025-07-22 11:07:11 - __main__ - INFO: 读 ./eye_hand_data/data2025072201/4.jpg
2025-07-22 11:07:11 - __main__ - INFO: 图片 4 角点检测成功
2025-07-22 11:07:11 - __main__ - INFO: 读 ./eye_hand_data/data2025072201/5.jpg
2025-07-22 11:07:12 - __main__ - INFO: 图片 5 角点检测成功
2025-07-22 11:07:12 - __main__ - INFO: 读 ./eye_hand_data/data2025072201/6.jpg
2025-07-22 11:07:12 - __main__ - INFO: 图片 6 角点检测成功
2025-07-22 11:07:12 - __main__ - INFO: 读 ./eye_hand_data/data2025072201/7.jpg
2025-07-22 11:07:13 - __main__ - INFO: 图片 7 角点检测成功
2025-07-22 11:07:13 - __main__ - INFO: 读 ./eye_hand_data/data2025072201/8.jpg
2025-07-22 11:07:13 - __main__ - INFO: 图片 8 角点检测成功
2025-07-22 11:07:13 - __main__ - INFO: 读 ./eye_hand_data/data2025072201/9.jpg
2025-07-22 11:07:13 - __main__ - INFO: 图片 9 角点检测成功
2025-07-22 11:07:13 - __main__ - INFO: 读 ./eye_hand_data/data2025072201/10.jpg
2025-07-22 11:07:14 - __main__ - INFO: 图片 10 角点检测成功
2025-07-22 11:07:14 - __main__ - INFO: 读 ./eye_hand_data/data2025072201/11.jpg
2025-07-22 11:07:14 - __main__ - INFO: 图片 11 角点检测成功
2025-07-22 11:07:14 - __main__ - INFO: 读 ./eye_hand_data/data2025072201/12.jpg
2025-07-22 11:07:15 - __main__ - INFO: 图片 12 角点检测成功
2025-07-22 11:07:15 - __main__ - INFO: 读 ./eye_hand_data/data2025072201/13.jpg
2025-07-22 11:07:15 - __main__ - INFO: 图片 13 角点检测成功
2025-07-22 11:07:15 - __main__ - INFO: 读 ./eye_hand_data/data2025072201/14.jpg
2025-07-22 11:07:16 - __main__ - INFO: 图片 14 角点检测成功
2025-07-22 11:07:16 - __main__ - INFO: 读 ./eye_hand_data/data2025072201/15.jpg
2025-07-22 11:07:16 - __main__ - INFO: 图片 15 角点检测成功
2025-07-22 11:07:16 - __main__ - INFO: 读 ./eye_hand_data/data2025072201/16.jpg
2025-07-22 11:07:17 - __main__ - INFO: 图片 16 角点检测成功
2025-07-22 11:07:17 - __main__ - INFO: 读 ./eye_hand_data/data2025072201/17.jpg
2025-07-22 11:07:17 - __main__ - INFO: 图片 17 角点检测成功
2025-07-22 11:07:17 - __main__ - INFO: 读 ./eye_hand_data/data2025072201/18.jpg
2025-07-22 11:07:18 - __main__ - INFO: 图片 18 角点检测成功
2025-07-22 11:07:18 - __main__ - INFO: 总共使用 18 张有效图片进行标定
2025-07-22 11:07:18 - __main__ - INFO: 使用手动设置的内参矩阵:
[[654.5703    0.      646.96954]
 [  0.      654.5703  369.22968]
 [  0.        0.        1.     ]]
2025-07-22 11:07:18 - __main__ - INFO: 使用手动设置的畸变系数:
[0. 0. 0. 0. 0.]
2025-07-22 11:07:18 - __main__ - INFO: 使用手动内参的平均重投影误差: 0.06979040255511933
2025-07-22 11:07:18 - __main__ - INFO: TSAI 方法结果 - 一致性误差: 16.987440
2025-07-22 11:07:18 - __main__ - INFO: PARK 方法结果 - 一致性误差: 16.987440
2025-07-22 11:07:18 - __main__ - INFO: HORAUD 方法结果 - 一致性误差: 16.987440
2025-07-22 11:07:18 - __main__ - INFO: ANDREFF 方法结果 - 一致性误差: 16.987440
2025-07-22 11:07:18 - __main__ - INFO: DANIILIDIS 方法结果 - 一致性误差: 16.987440
2025-07-22 11:07:18 - __main__ - INFO: 选择最佳结果: TSAI，一致性误差: 16.987440
2025-07-22 11:07:18 - __main__ - INFO: 旋转矩阵是:
 [[-0.31879177 -0.94662637 -0.04764779]
 [-0.94760383  0.31939987 -0.00554154]
 [ 0.02046447  0.04338464 -0.99884883]]
2025-07-22 11:07:18 - __main__ - INFO: 平移向量是:
 [[-0.87327209]
 [ 0.05782757]
 [ 0.88346852]]
2025-07-22 11:07:18 - __main__ - INFO: 四元数是：
 [-0.58323605  0.81194835  0.01165194 -0.02097186]
2025-07-22 11:07:18 - __main__ - INFO: 欧拉角是：
[179.68213061  -2.73105157 108.6117863 ]
2025-07-22 11:09:19 - __main__ - INFO: 读 ./eye_hand_data/data2025072201/1.jpg
2025-07-22 11:09:20 - __main__ - INFO: 图片 1 角点检测成功
2025-07-22 11:09:20 - __main__ - INFO: 读 ./eye_hand_data/data2025072201/2.jpg
2025-07-22 11:09:20 - __main__ - INFO: 图片 2 角点检测成功
2025-07-22 11:09:20 - __main__ - INFO: 读 ./eye_hand_data/data2025072201/3.jpg
2025-07-22 11:09:21 - __main__ - INFO: 图片 3 角点检测成功
2025-07-22 11:09:21 - __main__ - INFO: 读 ./eye_hand_data/data2025072201/4.jpg
2025-07-22 11:09:21 - __main__ - INFO: 图片 4 角点检测成功
2025-07-22 11:09:21 - __main__ - INFO: 读 ./eye_hand_data/data2025072201/5.jpg
2025-07-22 11:09:22 - __main__ - INFO: 图片 5 角点检测成功
2025-07-22 11:09:22 - __main__ - INFO: 读 ./eye_hand_data/data2025072201/6.jpg
2025-07-22 11:09:22 - __main__ - INFO: 图片 6 角点检测成功
2025-07-22 11:09:22 - __main__ - INFO: 读 ./eye_hand_data/data2025072201/7.jpg
2025-07-22 11:09:23 - __main__ - INFO: 图片 7 角点检测成功
2025-07-22 11:09:23 - __main__ - INFO: 读 ./eye_hand_data/data2025072201/8.jpg
2025-07-22 11:09:23 - __main__ - INFO: 图片 8 角点检测成功
2025-07-22 11:09:23 - __main__ - INFO: 读 ./eye_hand_data/data2025072201/9.jpg
2025-07-22 11:09:24 - __main__ - INFO: 图片 9 角点检测成功
2025-07-22 11:09:24 - __main__ - INFO: 读 ./eye_hand_data/data2025072201/10.jpg
2025-07-22 11:09:24 - __main__ - INFO: 图片 10 角点检测成功
2025-07-22 11:09:24 - __main__ - INFO: 读 ./eye_hand_data/data2025072201/11.jpg
2025-07-22 11:09:25 - __main__ - INFO: 图片 11 角点检测成功
2025-07-22 11:09:25 - __main__ - INFO: 读 ./eye_hand_data/data2025072201/12.jpg
2025-07-22 11:09:25 - __main__ - INFO: 图片 12 角点检测成功
2025-07-22 11:09:25 - __main__ - INFO: 读 ./eye_hand_data/data2025072201/13.jpg
2025-07-22 11:09:26 - __main__ - INFO: 图片 13 角点检测成功
2025-07-22 11:09:26 - __main__ - INFO: 读 ./eye_hand_data/data2025072201/14.jpg
2025-07-22 11:09:26 - __main__ - INFO: 图片 14 角点检测成功
2025-07-22 11:09:26 - __main__ - INFO: 读 ./eye_hand_data/data2025072201/15.jpg
2025-07-22 11:09:27 - __main__ - INFO: 图片 15 角点检测成功
2025-07-22 11:09:27 - __main__ - INFO: 读 ./eye_hand_data/data2025072201/16.jpg
2025-07-22 11:09:27 - __main__ - INFO: 图片 16 角点检测成功
2025-07-22 11:09:27 - __main__ - INFO: 读 ./eye_hand_data/data2025072201/17.jpg
2025-07-22 11:09:28 - __main__ - INFO: 图片 17 角点检测成功
2025-07-22 11:09:28 - __main__ - INFO: 读 ./eye_hand_data/data2025072201/18.jpg
2025-07-22 11:09:28 - __main__ - INFO: 图片 18 角点检测成功
2025-07-22 11:09:28 - __main__ - INFO: 总共使用 18 张有效图片进行标定
2025-07-22 11:09:28 - __main__ - INFO: 使用手动设置的内参矩阵:
[[654.5703    0.      646.96954]
 [  0.      654.5703  369.22968]
 [  0.        0.        1.     ]]
2025-07-22 11:09:28 - __main__ - INFO: 使用手动设置的畸变系数:
[0. 0. 0. 0. 0.]
2025-07-22 11:09:29 - __main__ - INFO: 使用手动内参的平均重投影误差: 0.06979040255511933
2025-07-22 11:09:29 - __main__ - INFO: TSAI 方法结果 - 一致性误差: 16.987440
2025-07-22 11:09:29 - __main__ - INFO: PARK 方法结果 - 一致性误差: 16.987440
2025-07-22 11:09:29 - __main__ - INFO: HORAUD 方法结果 - 一致性误差: 16.987440
2025-07-22 11:09:29 - __main__ - INFO: ANDREFF 方法结果 - 一致性误差: 16.987440
2025-07-22 11:09:29 - __main__ - INFO: DANIILIDIS 方法结果 - 一致性误差: 16.987440
2025-07-22 11:09:29 - __main__ - INFO: 选择最佳结果: TSAI，一致性误差: 16.987440
2025-07-22 11:09:29 - __main__ - INFO: 旋转矩阵是:
 [[-0.31879177 -0.94662637 -0.04764779]
 [-0.94760383  0.31939987 -0.00554154]
 [ 0.02046447  0.04338464 -0.99884883]]
2025-07-22 11:09:29 - __main__ - INFO: 平移向量是:
 [[-0.87327209]
 [ 0.05782757]
 [ 0.88346852]]
2025-07-22 11:09:29 - __main__ - INFO: 四元数是：
 [-0.58323605  0.81194835  0.01165194 -0.02097186]
2025-07-22 11:09:29 - __main__ - INFO: 欧拉角是：
[179.68213061  -2.73105157 108.6117863 ]
2025-07-22 11:13:23 - __main__ - INFO: 读 ./eye_hand_data/data20250722/1.jpg
2025-07-22 11:13:25 - __main__ - INFO: 读 ./eye_hand_data/data20250722/2.jpg
2025-07-22 11:13:27 - __main__ - INFO: 读 ./eye_hand_data/data20250722/3.jpg
2025-07-22 11:13:51 - __main__ - INFO: 读 ./eye_hand_data/data20250722/1.jpg
2025-07-22 11:13:52 - __main__ - INFO: 读 ./eye_hand_data/data20250722/2.jpg
2025-07-22 11:13:53 - __main__ - INFO: 读 ./eye_hand_data/data20250722/3.jpg
2025-07-22 11:13:54 - __main__ - INFO: 读 ./eye_hand_data/data20250722/4.jpg
2025-07-22 11:13:55 - __main__ - INFO: 内参矩阵:
:[[630.54002401   0.         636.17761279]
 [  0.         631.8189368  373.93363524]
 [  0.           0.           1.        ]]
2025-07-22 11:13:55 - __main__ - INFO: 畸变系数:
:[[-0.05386692  0.05853561  0.00131165  0.00065666 -0.02157921]]
2025-07-22 11:14:25 - __main__ - INFO: 读 ./eye_hand_data/data20250722/1.jpg
2025-07-22 11:14:26 - __main__ - INFO: 读 ./eye_hand_data/data20250722/2.jpg
2025-07-22 11:14:27 - __main__ - INFO: 读 ./eye_hand_data/data20250722/3.jpg
2025-07-22 11:14:28 - __main__ - INFO: 读 ./eye_hand_data/data20250722/4.jpg
2025-07-22 11:14:29 - __main__ - INFO: 内参矩阵:
:[[630.54002401   0.         636.17761279]
 [  0.         631.8189368  373.93363524]
 [  0.           0.           1.        ]]
2025-07-22 11:14:29 - __main__ - INFO: 畸变系数:
:[[-0.05386692  0.05853561  0.00131165  0.00065666 -0.02157921]]
2025-07-22 11:14:29 - __main__ - INFO: 旋转矩阵是:
 [[-0.31425557 -0.94891399 -0.02838427]
 [-0.94932869  0.31397652  0.01392023]
 [-0.0042971   0.03132051 -0.99950016]]
2025-07-22 11:14:29 - __main__ - INFO: 平移向量是:
 [[-0.86873349]
 [ 0.06019113]
 [ 0.86257404]]
2025-07-22 11:14:29 - __main__ - INFO: 四元数是：
 [-0.58550578  0.81051407  0.01395433 -0.00742959]
2025-07-22 11:14:29 - __main__ - INFO: 欧拉角是：
[-179.20208249   -1.62651727  108.32352441]
2025-07-22 11:15:48 - __main__ - INFO: 读 ./eye_hand_data/data2025072201/1.jpg
2025-07-22 11:15:49 - __main__ - INFO: 读 ./eye_hand_data/data2025072201/2.jpg
2025-07-22 11:15:50 - __main__ - INFO: 读 ./eye_hand_data/data2025072201/3.jpg
2025-07-22 11:15:51 - __main__ - INFO: 读 ./eye_hand_data/data2025072201/4.jpg
2025-07-22 11:15:52 - __main__ - INFO: 读 ./eye_hand_data/data2025072201/5.jpg
2025-07-22 11:15:53 - __main__ - INFO: 读 ./eye_hand_data/data2025072201/6.jpg
2025-07-22 11:15:54 - __main__ - INFO: 读 ./eye_hand_data/data2025072201/7.jpg
2025-07-22 11:15:55 - __main__ - INFO: 读 ./eye_hand_data/data2025072201/8.jpg
2025-07-22 11:15:56 - __main__ - INFO: 读 ./eye_hand_data/data2025072201/9.jpg
2025-07-22 11:15:57 - __main__ - INFO: 读 ./eye_hand_data/data2025072201/10.jpg
2025-07-22 11:15:58 - __main__ - INFO: 读 ./eye_hand_data/data2025072201/11.jpg
2025-07-22 11:15:59 - __main__ - INFO: 读 ./eye_hand_data/data2025072201/12.jpg
2025-07-22 11:16:00 - __main__ - INFO: 读 ./eye_hand_data/data2025072201/13.jpg
2025-07-22 11:16:01 - __main__ - INFO: 读 ./eye_hand_data/data2025072201/14.jpg
2025-07-22 11:16:02 - __main__ - INFO: 读 ./eye_hand_data/data2025072201/15.jpg
2025-07-22 11:16:03 - __main__ - INFO: 读 ./eye_hand_data/data2025072201/16.jpg
2025-07-22 11:16:04 - __main__ - INFO: 读 ./eye_hand_data/data2025072201/17.jpg
2025-07-22 11:16:05 - __main__ - INFO: 读 ./eye_hand_data/data2025072201/18.jpg
2025-07-22 11:16:06 - __main__ - INFO: 内参矩阵:
:[[641.57240136   0.         643.46034151]
 [  0.         642.46822051 380.52548333]
 [  0.           0.           1.        ]]
2025-07-22 11:16:06 - __main__ - INFO: 畸变系数:
:[[-0.0542137   0.05522594  0.0005255   0.00144544 -0.01360076]]
2025-07-22 11:16:06 - __main__ - INFO: 旋转矩阵是:
 [[-0.31557362 -0.94783741 -0.04491688]
 [-0.94886883  0.31559952  0.00669988]
 [ 0.00782535  0.04473453 -0.99896826]]
2025-07-22 11:16:06 - __main__ - INFO: 平移向量是:
 [[-0.87428478]
 [ 0.06234219]
 [ 0.87496098]]
2025-07-22 11:16:06 - __main__ - INFO: 四元数是：
 [-0.58476387  0.81088553  0.01585748 -0.01626069]
2025-07-22 11:16:06 - __main__ - INFO: 欧拉角是：
[-179.61573435   -2.57441372  108.41469804]
2025-07-22 13:42:30 - __main__ - INFO: 读 ./eye_hand_data/data2025072201/1.jpg
2025-07-22 13:42:31 - __main__ - INFO: 图片 1 角点检测成功
2025-07-22 13:42:31 - __main__ - INFO: 读 ./eye_hand_data/data2025072201/2.jpg
2025-07-22 13:42:31 - __main__ - INFO: 图片 2 角点检测成功
2025-07-22 13:42:31 - __main__ - INFO: 读 ./eye_hand_data/data2025072201/3.jpg
2025-07-22 13:42:32 - __main__ - INFO: 图片 3 角点检测成功
2025-07-22 13:42:32 - __main__ - INFO: 读 ./eye_hand_data/data2025072201/4.jpg
2025-07-22 13:42:32 - __main__ - INFO: 图片 4 角点检测成功
2025-07-22 13:42:32 - __main__ - INFO: 读 ./eye_hand_data/data2025072201/5.jpg
2025-07-22 13:42:33 - __main__ - INFO: 图片 5 角点检测成功
2025-07-22 13:42:33 - __main__ - INFO: 读 ./eye_hand_data/data2025072201/6.jpg
2025-07-22 13:42:33 - __main__ - INFO: 图片 6 角点检测成功
2025-07-22 13:42:33 - __main__ - INFO: 读 ./eye_hand_data/data2025072201/7.jpg
2025-07-22 13:42:34 - __main__ - INFO: 图片 7 角点检测成功
2025-07-22 13:42:34 - __main__ - INFO: 读 ./eye_hand_data/data2025072201/8.jpg
2025-07-22 13:42:34 - __main__ - INFO: 图片 8 角点检测成功
2025-07-22 13:42:34 - __main__ - INFO: 读 ./eye_hand_data/data2025072201/9.jpg
2025-07-22 13:42:35 - __main__ - INFO: 图片 9 角点检测成功
2025-07-22 13:42:35 - __main__ - INFO: 读 ./eye_hand_data/data2025072201/10.jpg
2025-07-22 13:42:35 - __main__ - INFO: 图片 10 角点检测成功
2025-07-22 13:42:35 - __main__ - INFO: 读 ./eye_hand_data/data2025072201/11.jpg
2025-07-22 13:42:36 - __main__ - INFO: 图片 11 角点检测成功
2025-07-22 13:42:36 - __main__ - INFO: 读 ./eye_hand_data/data2025072201/12.jpg
2025-07-22 13:42:36 - __main__ - INFO: 图片 12 角点检测成功
2025-07-22 13:42:36 - __main__ - INFO: 读 ./eye_hand_data/data2025072201/13.jpg
2025-07-22 13:42:37 - __main__ - INFO: 图片 13 角点检测成功
2025-07-22 13:42:37 - __main__ - INFO: 读 ./eye_hand_data/data2025072201/14.jpg
2025-07-22 13:42:37 - __main__ - INFO: 图片 14 角点检测成功
2025-07-22 13:42:37 - __main__ - INFO: 读 ./eye_hand_data/data2025072201/15.jpg
2025-07-22 13:42:38 - __main__ - INFO: 图片 15 角点检测成功
2025-07-22 13:42:38 - __main__ - INFO: 读 ./eye_hand_data/data2025072201/16.jpg
2025-07-22 13:42:38 - __main__ - INFO: 图片 16 角点检测成功
2025-07-22 13:42:38 - __main__ - INFO: 读 ./eye_hand_data/data2025072201/17.jpg
2025-07-22 13:42:39 - __main__ - INFO: 图片 17 角点检测成功
2025-07-22 13:42:39 - __main__ - INFO: 读 ./eye_hand_data/data2025072201/18.jpg
2025-07-22 13:42:39 - __main__ - INFO: 图片 18 角点检测成功
2025-07-22 13:42:39 - __main__ - INFO: 总共使用 18 张有效图片进行标定
2025-07-22 13:42:39 - __main__ - INFO: 使用手动设置的内参矩阵:
[[654.5703    0.      646.96954]
 [  0.      654.5703  369.22968]
 [  0.        0.        1.     ]]
2025-07-22 13:42:39 - __main__ - INFO: 使用手动设置的畸变系数:
[0. 0. 0. 0. 0.]
2025-07-22 13:42:40 - __main__ - INFO: 使用手动内参的平均重投影误差: 0.06979040255511933
2025-07-22 13:42:40 - __main__ - INFO: TSAI 方法结果 - 一致性误差: 16.987440
2025-07-22 13:42:40 - __main__ - INFO: PARK 方法结果 - 一致性误差: 16.987440
2025-07-22 13:42:40 - __main__ - INFO: HORAUD 方法结果 - 一致性误差: 16.987440
2025-07-22 13:42:40 - __main__ - INFO: ANDREFF 方法结果 - 一致性误差: 16.987440
2025-07-22 13:42:40 - __main__ - INFO: DANIILIDIS 方法结果 - 一致性误差: 16.987440
2025-07-22 13:42:40 - __main__ - INFO: 选择最佳结果: TSAI，一致性误差: 16.987440
2025-07-22 13:42:40 - __main__ - INFO: 旋转矩阵是:
 [[-0.31879177 -0.94662637 -0.04764779]
 [-0.94760383  0.31939987 -0.00554154]
 [ 0.02046447  0.04338464 -0.99884883]]
2025-07-22 13:42:40 - __main__ - INFO: 平移向量是:
 [[-0.87327209]
 [ 0.05782757]
 [ 0.88346852]]
2025-07-22 13:42:40 - __main__ - INFO: 四元数是：
 [-0.58323605  0.81194835  0.01165194 -0.02097186]
2025-07-22 13:42:40 - __main__ - INFO: 欧拉角是：
[179.68213061  -2.73105157 108.6117863 ]
2025-07-22 13:52:25 - __main__ - INFO: 读 ./eye_hand_data/data2025072202/1.jpg
2025-07-22 13:52:31 - __main__ - INFO: 图片 1 角点检测成功
2025-07-22 13:52:31 - __main__ - INFO: 读 ./eye_hand_data/data2025072202/2.jpg
2025-07-22 13:52:32 - __main__ - INFO: 图片 2 角点检测成功
2025-07-22 13:52:32 - __main__ - INFO: 读 ./eye_hand_data/data2025072202/3.jpg
2025-07-22 13:52:32 - __main__ - INFO: 图片 3 角点检测成功
2025-07-22 13:52:32 - __main__ - INFO: 读 ./eye_hand_data/data2025072202/4.jpg
2025-07-22 13:52:34 - __main__ - INFO: 图片 4 角点检测成功
2025-07-22 13:52:34 - __main__ - INFO: 读 ./eye_hand_data/data2025072202/5.jpg
2025-07-22 13:52:39 - __main__ - INFO: 图片 5 角点检测成功
2025-07-22 13:52:39 - __main__ - INFO: 读 ./eye_hand_data/data2025072202/6.jpg
2025-07-22 13:52:45 - __main__ - INFO: 图片 6 角点检测成功
2025-07-22 13:52:45 - __main__ - INFO: 读 ./eye_hand_data/data2025072202/7.jpg
2025-07-22 13:52:50 - __main__ - INFO: 图片 7 角点检测成功
2025-07-22 13:52:50 - __main__ - INFO: 读 ./eye_hand_data/data2025072202/8.jpg
2025-07-22 13:52:56 - __main__ - INFO: 图片 8 角点检测成功
2025-07-22 13:52:56 - __main__ - INFO: 读 ./eye_hand_data/data2025072202/9.jpg
2025-07-22 13:53:02 - __main__ - INFO: 图片 9 角点检测成功
2025-07-22 13:53:02 - __main__ - INFO: 读 ./eye_hand_data/data2025072202/10.jpg
2025-07-22 13:53:08 - __main__ - INFO: 图片 10 角点检测成功
2025-07-22 13:53:08 - __main__ - INFO: 读 ./eye_hand_data/data2025072202/11.jpg
2025-07-22 13:53:13 - __main__ - INFO: 图片 11 角点检测成功
2025-07-22 13:53:13 - __main__ - INFO: 读 ./eye_hand_data/data2025072202/12.jpg
2025-07-22 13:53:18 - __main__ - INFO: 图片 12 角点检测成功
2025-07-22 13:53:18 - __main__ - INFO: 读 ./eye_hand_data/data2025072202/13.jpg
2025-07-22 13:53:23 - __main__ - INFO: 图片 13 角点检测成功
2025-07-22 13:53:23 - __main__ - INFO: 读 ./eye_hand_data/data2025072202/14.jpg
2025-07-22 13:53:28 - __main__ - INFO: 图片 14 角点检测成功
2025-07-22 13:53:28 - __main__ - INFO: 读 ./eye_hand_data/data2025072202/15.jpg
2025-07-22 13:53:33 - __main__ - INFO: 图片 15 角点检测成功
2025-07-22 13:53:33 - __main__ - INFO: 读 ./eye_hand_data/data2025072202/16.jpg
2025-07-22 13:53:38 - __main__ - INFO: 图片 16 角点检测成功
2025-07-22 13:53:38 - __main__ - INFO: 读 ./eye_hand_data/data2025072202/17.jpg
2025-07-22 13:53:44 - __main__ - INFO: 图片 17 角点检测成功
2025-07-22 13:53:44 - __main__ - INFO: 读 ./eye_hand_data/data2025072202/18.jpg
2025-07-22 13:53:49 - __main__ - INFO: 图片 18 角点检测成功
2025-07-22 13:53:49 - __main__ - INFO: 读 ./eye_hand_data/data2025072202/19.jpg
2025-07-22 13:53:56 - __main__ - INFO: 图片 19 角点检测成功
2025-07-22 13:53:56 - __main__ - INFO: 读 ./eye_hand_data/data2025072202/20.jpg
2025-07-22 13:54:03 - __main__ - INFO: 图片 20 角点检测成功
2025-07-22 13:54:03 - __main__ - INFO: 读 ./eye_hand_data/data2025072202/21.jpg
2025-07-22 13:54:08 - __main__ - INFO: 图片 21 角点检测成功
2025-07-22 13:54:08 - __main__ - INFO: 读 ./eye_hand_data/data2025072202/22.jpg
2025-07-22 13:54:14 - __main__ - INFO: 图片 22 角点检测成功
2025-07-22 13:54:14 - __main__ - INFO: 总共使用 22 张有效图片进行标定
2025-07-22 13:54:14 - __main__ - INFO: 使用手动设置的内参矩阵:
[[654.5703    0.      646.96954]
 [  0.      654.5703  369.22968]
 [  0.        0.        1.     ]]
2025-07-22 13:54:14 - __main__ - INFO: 使用手动设置的畸变系数:
[0. 0. 0. 0. 0.]
2025-07-22 13:54:14 - __main__ - INFO: 使用手动内参的平均重投影误差: 0.06961346873321116
2025-07-22 13:54:14 - __main__ - INFO: TSAI 方法结果 - 一致性误差: 19.498360
2025-07-22 13:54:14 - __main__ - INFO: PARK 方法结果 - 一致性误差: 19.498360
2025-07-22 13:54:14 - __main__ - INFO: HORAUD 方法结果 - 一致性误差: 19.498360
2025-07-22 13:54:14 - __main__ - INFO: ANDREFF 方法结果 - 一致性误差: 19.498360
2025-07-22 13:54:14 - __main__ - INFO: DANIILIDIS 方法结果 - 一致性误差: 19.498360
2025-07-22 13:54:14 - __main__ - INFO: 选择最佳结果: TSAI，一致性误差: 19.498360
2025-07-22 13:54:14 - __main__ - INFO: 旋转矩阵是:
 [[-0.32374877 -0.94435559 -0.05813129]
 [-0.94585199  0.32456167 -0.00487192]
 [ 0.02346801  0.05340632 -0.99829706]]
2025-07-22 13:54:14 - __main__ - INFO: 平移向量是:
 [[-0.87079596]
 [ 0.05732534]
 [ 0.88285287]]
2025-07-22 13:54:14 - __main__ - INFO: 四元数是：
 [-0.58094462  0.81341986  0.01491677 -0.02507909]
2025-07-22 13:54:14 - __main__ - INFO: 欧拉角是：
[179.72038564  -3.33255637 108.92299997]
